<?xml version="1.0" encoding="UTF-8" standalone="yes"?><!DOCTYPE report PUBLIC "-//JACOCO//DTD Report 1.1//EN" "report.dtd"><report name="rocketmq-broker 4.8.0"><sessioninfo id="yangweixingdeMacBook-Pro.local-140eb3c3" start="1625627324176" dump="1625627326142"/><sessioninfo id="yangweixingdeMacBook-Pro.local-caedc04c" start="1625627326676" dump="1625627328192"/><sessioninfo id="yangweixingdeMacBook-Pro.local-d9e5dee4" start="1625627328723" dump="1625627330222"/><sessioninfo id="yangweixingdeMacBook-Pro.local-958528a0" start="1625627330740" dump="1625627331368"/><sessioninfo id="yangweixingdeMacBook-Pro.local-7506929b" start="1625627331883" dump="1625627332493"/><sessioninfo id="yangweixingdeMacBook-Pro.local-a6c19444" start="1625627332992" dump="1625627333448"/><sessioninfo id="yangweixingdeMacBook-Pro.local-a851758" start="1625627333938" dump="1625627334502"/><sessioninfo id="yangweixingdeMacBook-Pro.local-c0366518" start="1625627335001" dump="1625627336703"/><sessioninfo id="yangweixingdeMacBook-Pro.local-cd223630" start="1625627337245" dump="1625627339078"/><sessioninfo id="yangweixingdeMacBook-Pro.local-769cfa3d" start="1625627339621" dump="1625627341212"/><sessioninfo id="yangweixingdeMacBook-Pro.local-a3faac77" start="1625627341736" dump="1625627343425"/><sessioninfo id="yangweixingdeMacBook-Pro.local-cdfcb7ab" start="1625627343944" dump="1625627345639"/><sessioninfo id="yangweixingdeMacBook-Pro.local-63068ddb" start="1625627346168" dump="1625627347820"/><sessioninfo id="yangweixingdeMacBook-Pro.local-8934bc7e" start="1625627348348" dump="1625627348949"/><sessioninfo id="yangweixingdeMacBook-Pro.local-ab44ace4" start="1625627349452" dump="1625627357192"/><sessioninfo id="yangweixingdeMacBook-Pro.local-e392dea0" start="1625627357722" dump="1625627366912"/><sessioninfo id="yangweixingdeMacBook-Pro.local-edff65e6" start="1625627367452" dump="1625627372330"/><sessioninfo id="yangweixingdeMacBook-Pro.local-17a7b859" start="1625627372831" dump="1625627373764"/><sessioninfo id="yangweixingdeMacBook-Pro.local-793f5aa3" start="1625627374144" dump="1625627374752"/><sessioninfo id="yangweixingdeMacBook-Pro.local-fe601437" start="1625627375256" dump="1625627376322"/><package name="org/apache/rocketmq/broker/plugin"><class name="org/apache/rocketmq/broker/plugin/MessageStoreFactory" sourcefilename="MessageStoreFactory.java"><method name="&lt;init&gt;" desc="()V" line="24"><counter type="INSTRUCTION" missed="3" covered="0"/><counter type="LINE" missed="1" covered="0"/><counter type="COMPLEXITY" missed="1" covered="0"/><counter type="METHOD" missed="1" covered="0"/></method><method name="build" desc="(Lorg/apache/rocketmq/broker/plugin/MessageStorePluginContext;Lorg/apache/rocketmq/store/MessageStore;)Lorg/apache/rocketmq/store/MessageStore;" line="27"><counter type="INSTRUCTION" missed="62" covered="12"/><counter type="BRANCH" missed="4" covered="2"/><counter type="LINE" missed="9" covered="3"/><counter type="COMPLEXITY" missed="3" covered="1"/><counter type="METHOD" missed="0" covered="1"/></method><counter type="INSTRUCTION" missed="65" covered="12"/><counter type="BRANCH" missed="4" covered="2"/><counter type="LINE" missed="10" covered="3"/><counter type="COMPLEXITY" missed="4" covered="1"/><counter type="METHOD" missed="1" covered="1"/><counter type="CLASS" missed="0" covered="1"/></class><class name="org/apache/rocketmq/broker/plugin/MessageStorePluginContext" sourcefilename="MessageStorePluginContext.java"><method name="&lt;init&gt;" desc="(Lorg/apache/rocketmq/store/config/MessageStoreConfig;Lorg/apache/rocketmq/store/stats/BrokerStatsManager;Lorg/apache/rocketmq/store/MessageArrivingListener;Lorg/apache/rocketmq/common/BrokerConfig;)V" line="34"><counter type="INSTRUCTION" missed="0" covered="15"/><counter type="LINE" missed="0" covered="6"/><counter type="COMPLEXITY" missed="0" covered="1"/><counter type="METHOD" missed="0" covered="1"/></method><method name="getMessageStoreConfig" desc="()Lorg/apache/rocketmq/store/config/MessageStoreConfig;" line="42"><counter type="INSTRUCTION" missed="3" covered="0"/><counter type="LINE" missed="1" covered="0"/><counter type="COMPLEXITY" missed="1" covered="0"/><counter type="METHOD" missed="1" covered="0"/></method><method name="getBrokerStatsManager" desc="()Lorg/apache/rocketmq/store/stats/BrokerStatsManager;" line="46"><counter type="INSTRUCTION" missed="3" covered="0"/><counter type="LINE" missed="1" covered="0"/><counter type="COMPLEXITY" missed="1" covered="0"/><counter type="METHOD" missed="1" covered="0"/></method><method name="getMessageArrivingListener" desc="()Lorg/apache/rocketmq/store/MessageArrivingListener;" line="50"><counter type="INSTRUCTION" missed="3" covered="0"/><counter type="LINE" missed="1" covered="0"/><counter type="COMPLEXITY" missed="1" covered="0"/><counter type="METHOD" missed="1" covered="0"/></method><method name="getBrokerConfig" desc="()Lorg/apache/rocketmq/common/BrokerConfig;" line="54"><counter type="INSTRUCTION" missed="0" covered="3"/><counter type="LINE" missed="0" covered="1"/><counter type="COMPLEXITY" missed="0" covered="1"/><counter type="METHOD" missed="0" covered="1"/></method><counter type="INSTRUCTION" missed="9" covered="18"/><counter type="LINE" missed="3" covered="7"/><counter type="COMPLEXITY" missed="3" covered="2"/><counter type="METHOD" missed="3" covered="2"/><counter type="CLASS" missed="0" covered="1"/></class><class name="org/apache/rocketmq/broker/plugin/AbstractPluginMessageStore" sourcefilename="AbstractPluginMessageStore.java"><method name="&lt;init&gt;" desc="(Lorg/apache/rocketmq/broker/plugin/MessageStorePluginContext;Lorg/apache/rocketmq/store/MessageStore;)V" line="38"><counter type="INSTRUCTION" missed="12" covered="0"/><counter type="LINE" missed="5" covered="0"/><counter type="COMPLEXITY" missed="1" covered="0"/><counter type="METHOD" missed="1" covered="0"/></method><method name="getEarliestMessageTime" desc="()J" line="48"><counter type="INSTRUCTION" missed="4" covered="0"/><counter type="LINE" missed="1" covered="0"/><counter type="COMPLEXITY" missed="1" covered="0"/><counter type="METHOD" missed="1" covered="0"/></method><method name="lockTimeMills" desc="()J" line="53"><counter type="INSTRUCTION" missed="4" covered="0"/><counter type="LINE" missed="1" covered="0"/><counter type="COMPLEXITY" missed="1" covered="0"/><counter type="METHOD" missed="1" covered="0"/></method><method name="isOSPageCacheBusy" desc="()Z" line="58"><counter type="INSTRUCTION" missed="4" covered="0"/><counter type="LINE" missed="1" covered="0"/><counter type="COMPLEXITY" missed="1" covered="0"/><counter type="METHOD" missed="1" covered="0"/></method><method name="isTransientStorePoolDeficient" desc="()Z" line="63"><counter type="INSTRUCTION" missed="4" covered="0"/><counter type="LINE" missed="1" covered="0"/><counter type="COMPLEXITY" missed="1" covered="0"/><counter type="METHOD" missed="1" covered="0"/></method><method name="load" desc="()Z" line="68"><counter type="INSTRUCTION" missed="4" covered="0"/><counter type="LINE" missed="1" covered="0"/><counter type="COMPLEXITY" missed="1" covered="0"/><counter type="METHOD" missed="1" covered="0"/></method><method name="start" desc="()V" line="73"><counter type="INSTRUCTION" missed="4" covered="0"/><counter type="LINE" missed="2" covered="0"/><counter type="COMPLEXITY" missed="1" covered="0"/><counter type="METHOD" missed="1" covered="0"/></method><method name="shutdown" desc="()V" line="78"><counter type="INSTRUCTION" missed="4" covered="0"/><counter type="LINE" missed="2" covered="0"/><counter type="COMPLEXITY" missed="1" covered="0"/><counter type="METHOD" missed="1" covered="0"/></method><method name="destroy" desc="()V" line="83"><counter type="INSTRUCTION" missed="4" covered="0"/><counter type="LINE" missed="2" covered="0"/><counter type="COMPLEXITY" missed="1" covered="0"/><counter type="METHOD" missed="1" covered="0"/></method><method name="putMessage" desc="(Lorg/apache/rocketmq/store/MessageExtBrokerInner;)Lorg/apache/rocketmq/store/PutMessageResult;" line="88"><counter type="INSTRUCTION" missed="5" covered="0"/><counter type="LINE" missed="1" covered="0"/><counter type="COMPLEXITY" missed="1" covered="0"/><counter type="METHOD" missed="1" covered="0"/></method><method name="asyncPutMessage" desc="(Lorg/apache/rocketmq/store/MessageExtBrokerInner;)Ljava/util/concurrent/CompletableFuture;" line="93"><counter type="INSTRUCTION" missed="5" covered="0"/><counter type="LINE" missed="1" covered="0"/><counter type="COMPLEXITY" missed="1" covered="0"/><counter type="METHOD" missed="1" covered="0"/></method><method name="asyncPutMessages" desc="(Lorg/apache/rocketmq/common/message/MessageExtBatch;)Ljava/util/concurrent/CompletableFuture;" line="98"><counter type="INSTRUCTION" missed="5" covered="0"/><counter type="LINE" missed="1" covered="0"/><counter type="COMPLEXITY" missed="1" covered="0"/><counter type="METHOD" missed="1" covered="0"/></method><method name="getMessage" desc="(Ljava/lang/String;Ljava/lang/String;IJILorg/apache/rocketmq/store/MessageFilter;)Lorg/apache/rocketmq/store/GetMessageResult;" line="104"><counter type="INSTRUCTION" missed="10" covered="0"/><counter type="LINE" missed="1" covered="0"/><counter type="COMPLEXITY" missed="1" covered="0"/><counter type="METHOD" missed="1" covered="0"/></method><method name="getMaxOffsetInQueue" desc="(Ljava/lang/String;I)J" line="109"><counter type="INSTRUCTION" missed="6" covered="0"/><counter type="LINE" missed="1" covered="0"/><counter type="COMPLEXITY" missed="1" covered="0"/><counter type="METHOD" missed="1" covered="0"/></method><method name="getMinOffsetInQueue" desc="(Ljava/lang/String;I)J" line="114"><counter type="INSTRUCTION" missed="6" covered="0"/><counter type="LINE" missed="1" covered="0"/><counter type="COMPLEXITY" missed="1" covered="0"/><counter type="METHOD" missed="1" covered="0"/></method><method name="getCommitLogOffsetInQueue" desc="(Ljava/lang/String;IJ)J" line="119"><counter type="INSTRUCTION" missed="7" covered="0"/><counter type="LINE" missed="1" covered="0"/><counter type="COMPLEXITY" missed="1" covered="0"/><counter type="METHOD" missed="1" covered="0"/></method><method name="getOffsetInQueueByTime" desc="(Ljava/lang/String;IJ)J" line="124"><counter type="INSTRUCTION" missed="7" covered="0"/><counter type="LINE" missed="1" covered="0"/><counter type="COMPLEXITY" missed="1" covered="0"/><counter type="METHOD" missed="1" covered="0"/></method><method name="lookMessageByOffset" desc="(J)Lorg/apache/rocketmq/common/message/MessageExt;" line="129"><counter type="INSTRUCTION" missed="5" covered="0"/><counter type="LINE" missed="1" covered="0"/><counter type="COMPLEXITY" missed="1" covered="0"/><counter type="METHOD" missed="1" covered="0"/></method><method name="selectOneMessageByOffset" desc="(J)Lorg/apache/rocketmq/store/SelectMappedBufferResult;" line="134"><counter type="INSTRUCTION" missed="5" covered="0"/><counter type="LINE" missed="1" covered="0"/><counter type="COMPLEXITY" missed="1" covered="0"/><counter type="METHOD" missed="1" covered="0"/></method><method name="selectOneMessageByOffset" desc="(JI)Lorg/apache/rocketmq/store/SelectMappedBufferResult;" line="139"><counter type="INSTRUCTION" missed="6" covered="0"/><counter type="LINE" missed="1" covered="0"/><counter type="COMPLEXITY" missed="1" covered="0"/><counter type="METHOD" missed="1" covered="0"/></method><method name="getRunningDataInfo" desc="()Ljava/lang/String;" line="144"><counter type="INSTRUCTION" missed="4" covered="0"/><counter type="LINE" missed="1" covered="0"/><counter type="COMPLEXITY" missed="1" covered="0"/><counter type="METHOD" missed="1" covered="0"/></method><method name="getRuntimeInfo" desc="()Ljava/util/HashMap;" line="149"><counter type="INSTRUCTION" missed="4" covered="0"/><counter type="LINE" missed="1" covered="0"/><counter type="COMPLEXITY" missed="1" covered="0"/><counter type="METHOD" missed="1" covered="0"/></method><method name="getMaxPhyOffset" desc="()J" line="154"><counter type="INSTRUCTION" missed="4" covered="0"/><counter type="LINE" missed="1" covered="0"/><counter type="COMPLEXITY" missed="1" covered="0"/><counter type="METHOD" missed="1" covered="0"/></method><method name="getMinPhyOffset" desc="()J" line="159"><counter type="INSTRUCTION" missed="4" covered="0"/><counter type="LINE" missed="1" covered="0"/><counter type="COMPLEXITY" missed="1" covered="0"/><counter type="METHOD" missed="1" covered="0"/></method><method name="getEarliestMessageTime" desc="(Ljava/lang/String;I)J" line="164"><counter type="INSTRUCTION" missed="6" covered="0"/><counter type="LINE" missed="1" covered="0"/><counter type="COMPLEXITY" missed="1" covered="0"/><counter type="METHOD" missed="1" covered="0"/></method><method name="getMessageStoreTimeStamp" desc="(Ljava/lang/String;IJ)J" line="169"><counter type="INSTRUCTION" missed="7" covered="0"/><counter type="LINE" missed="1" covered="0"/><counter type="COMPLEXITY" missed="1" covered="0"/><counter type="METHOD" missed="1" covered="0"/></method><method name="getMessageTotalInQueue" desc="(Ljava/lang/String;I)J" line="174"><counter type="INSTRUCTION" missed="6" covered="0"/><counter type="LINE" missed="1" covered="0"/><counter type="COMPLEXITY" missed="1" covered="0"/><counter type="METHOD" missed="1" covered="0"/></method><method name="getCommitLogData" desc="(J)Lorg/apache/rocketmq/store/SelectMappedBufferResult;" line="179"><counter type="INSTRUCTION" missed="5" covered="0"/><counter type="LINE" missed="1" covered="0"/><counter type="COMPLEXITY" missed="1" covered="0"/><counter type="METHOD" missed="1" covered="0"/></method><method name="appendToCommitLog" desc="(J[B)Z" line="184"><counter type="INSTRUCTION" missed="6" covered="0"/><counter type="LINE" missed="1" covered="0"/><counter type="COMPLEXITY" missed="1" covered="0"/><counter type="METHOD" missed="1" covered="0"/></method><method name="executeDeleteFilesManually" desc="()V" line="189"><counter type="INSTRUCTION" missed="4" covered="0"/><counter type="LINE" missed="2" covered="0"/><counter type="COMPLEXITY" missed="1" covered="0"/><counter type="METHOD" missed="1" covered="0"/></method><method name="queryMessage" desc="(Ljava/lang/String;Ljava/lang/String;IJJ)Lorg/apache/rocketmq/store/QueryMessageResult;" line="195"><counter type="INSTRUCTION" missed="9" covered="0"/><counter type="LINE" missed="1" covered="0"/><counter type="COMPLEXITY" missed="1" covered="0"/><counter type="METHOD" missed="1" covered="0"/></method><method name="updateHaMasterAddress" desc="(Ljava/lang/String;)V" line="200"><counter type="INSTRUCTION" missed="5" covered="0"/><counter type="LINE" missed="2" covered="0"/><counter type="COMPLEXITY" missed="1" covered="0"/><counter type="METHOD" missed="1" covered="0"/></method><method name="slaveFallBehindMuch" desc="()J" line="205"><counter type="INSTRUCTION" missed="4" covered="0"/><counter type="LINE" missed="1" covered="0"/><counter type="COMPLEXITY" missed="1" covered="0"/><counter type="METHOD" missed="1" covered="0"/></method><method name="now" desc="()J" line="210"><counter type="INSTRUCTION" missed="4" covered="0"/><counter type="LINE" missed="1" covered="0"/><counter type="COMPLEXITY" missed="1" covered="0"/><counter type="METHOD" missed="1" covered="0"/></method><method name="cleanUnusedTopic" desc="(Ljava/util/Set;)I" line="215"><counter type="INSTRUCTION" missed="5" covered="0"/><counter type="LINE" missed="1" covered="0"/><counter type="COMPLEXITY" missed="1" covered="0"/><counter type="METHOD" missed="1" covered="0"/></method><method name="cleanExpiredConsumerQueue" desc="()V" line="220"><counter type="INSTRUCTION" missed="4" covered="0"/><counter type="LINE" missed="2" covered="0"/><counter type="COMPLEXITY" missed="1" covered="0"/><counter type="METHOD" missed="1" covered="0"/></method><method name="checkInDiskByConsumeOffset" desc="(Ljava/lang/String;IJ)Z" line="225"><counter type="INSTRUCTION" missed="7" covered="0"/><counter type="LINE" missed="1" covered="0"/><counter type="COMPLEXITY" missed="1" covered="0"/><counter type="METHOD" missed="1" covered="0"/></method><method name="dispatchBehindBytes" desc="()J" line="230"><counter type="INSTRUCTION" missed="4" covered="0"/><counter type="LINE" missed="1" covered="0"/><counter type="COMPLEXITY" missed="1" covered="0"/><counter type="METHOD" missed="1" covered="0"/></method><method name="flush" desc="()J" line="235"><counter type="INSTRUCTION" missed="4" covered="0"/><counter type="LINE" missed="1" covered="0"/><counter type="COMPLEXITY" missed="1" covered="0"/><counter type="METHOD" missed="1" covered="0"/></method><method name="resetWriteOffset" desc="(J)Z" line="240"><counter type="INSTRUCTION" missed="5" covered="0"/><counter type="LINE" missed="1" covered="0"/><counter type="COMPLEXITY" missed="1" covered="0"/><counter type="METHOD" missed="1" covered="0"/></method><method name="getConfirmOffset" desc="()J" line="245"><counter type="INSTRUCTION" missed="4" covered="0"/><counter type="LINE" missed="1" covered="0"/><counter type="COMPLEXITY" missed="1" covered="0"/><counter type="METHOD" missed="1" covered="0"/></method><method name="setConfirmOffset" desc="(J)V" line="250"><counter type="INSTRUCTION" missed="5" covered="0"/><counter type="LINE" missed="2" covered="0"/><counter type="COMPLEXITY" missed="1" covered="0"/><counter type="METHOD" missed="1" covered="0"/></method><method name="getDispatcherList" desc="()Ljava/util/LinkedList;" line="255"><counter type="INSTRUCTION" missed="4" covered="0"/><counter type="LINE" missed="1" covered="0"/><counter type="COMPLEXITY" missed="1" covered="0"/><counter type="METHOD" missed="1" covered="0"/></method><method name="getConsumeQueue" desc="(Ljava/lang/String;I)Lorg/apache/rocketmq/store/ConsumeQueue;" line="260"><counter type="INSTRUCTION" missed="6" covered="0"/><counter type="LINE" missed="1" covered="0"/><counter type="COMPLEXITY" missed="1" covered="0"/><counter type="METHOD" missed="1" covered="0"/></method><method name="getBrokerStatsManager" desc="()Lorg/apache/rocketmq/store/stats/BrokerStatsManager;" line="265"><counter type="INSTRUCTION" missed="4" covered="0"/><counter type="LINE" missed="1" covered="0"/><counter type="COMPLEXITY" missed="1" covered="0"/><counter type="METHOD" missed="1" covered="0"/></method><counter type="INSTRUCTION" missed="235" covered="0"/><counter type="LINE" missed="56" covered="0"/><counter type="COMPLEXITY" missed="45" covered="0"/><counter type="METHOD" missed="45" covered="0"/><counter type="CLASS" missed="1" covered="0"/></class><sourcefile name="AbstractPluginMessageStore.java"><line nr="38" mi="3" ci="0" mb="0" cb="0"/><line nr="41" mi="2" ci="0" mb="0" cb="0"/><line nr="42" mi="3" ci="0" mb="0" cb="0"/><line nr="43" mi="3" ci="0" mb="0" cb="0"/><line nr="44" mi="1" ci="0" mb="0" cb="0"/><line nr="48" mi="4" ci="0" mb="0" cb="0"/><line nr="53" mi="4" ci="0" mb="0" cb="0"/><line nr="58" mi="4" ci="0" mb="0" cb="0"/><line nr="63" mi="4" ci="0" mb="0" cb="0"/><line nr="68" mi="4" ci="0" mb="0" cb="0"/><line nr="73" mi="3" ci="0" mb="0" cb="0"/><line nr="74" mi="1" ci="0" mb="0" cb="0"/><line nr="78" mi="3" ci="0" mb="0" cb="0"/><line nr="79" mi="1" ci="0" mb="0" cb="0"/><line nr="83" mi="3" ci="0" mb="0" cb="0"/><line nr="84" mi="1" ci="0" mb="0" cb="0"/><line nr="88" mi="5" ci="0" mb="0" cb="0"/><line nr="93" mi="5" ci="0" mb="0" cb="0"/><line nr="98" mi="5" ci="0" mb="0" cb="0"/><line nr="104" mi="10" ci="0" mb="0" cb="0"/><line nr="109" mi="6" ci="0" mb="0" cb="0"/><line nr="114" mi="6" ci="0" mb="0" cb="0"/><line nr="119" mi="7" ci="0" mb="0" cb="0"/><line nr="124" mi="7" ci="0" mb="0" cb="0"/><line nr="129" mi="5" ci="0" mb="0" cb="0"/><line nr="134" mi="5" ci="0" mb="0" cb="0"/><line nr="139" mi="6" ci="0" mb="0" cb="0"/><line nr="144" mi="4" ci="0" mb="0" cb="0"/><line nr="149" mi="4" ci="0" mb="0" cb="0"/><line nr="154" mi="4" ci="0" mb="0" cb="0"/><line nr="159" mi="4" ci="0" mb="0" cb="0"/><line nr="164" mi="6" ci="0" mb="0" cb="0"/><line nr="169" mi="7" ci="0" mb="0" cb="0"/><line nr="174" mi="6" ci="0" mb="0" cb="0"/><line nr="179" mi="5" ci="0" mb="0" cb="0"/><line nr="184" mi="6" ci="0" mb="0" cb="0"/><line nr="189" mi="3" ci="0" mb="0" cb="0"/><line nr="190" mi="1" ci="0" mb="0" cb="0"/><line nr="195" mi="9" ci="0" mb="0" cb="0"/><line nr="200" mi="4" ci="0" mb="0" cb="0"/><line nr="201" mi="1" ci="0" mb="0" cb="0"/><line nr="205" mi="4" ci="0" mb="0" cb="0"/><line nr="210" mi="4" ci="0" mb="0" cb="0"/><line nr="215" mi="5" ci="0" mb="0" cb="0"/><line nr="220" mi="3" ci="0" mb="0" cb="0"/><line nr="221" mi="1" ci="0" mb="0" cb="0"/><line nr="225" mi="7" ci="0" mb="0" cb="0"/><line nr="230" mi="4" ci="0" mb="0" cb="0"/><line nr="235" mi="4" ci="0" mb="0" cb="0"/><line nr="240" mi="5" ci="0" mb="0" cb="0"/><line nr="245" mi="4" ci="0" mb="0" cb="0"/><line nr="250" mi="4" ci="0" mb="0" cb="0"/><line nr="251" mi="1" ci="0" mb="0" cb="0"/><line nr="255" mi="4" ci="0" mb="0" cb="0"/><line nr="260" mi="6" ci="0" mb="0" cb="0"/><line nr="265" mi="4" ci="0" mb="0" cb="0"/><counter type="INSTRUCTION" missed="235" covered="0"/><counter type="LINE" missed="56" covered="0"/><counter type="COMPLEXITY" missed="45" covered="0"/><counter type="METHOD" missed="45" covered="0"/><counter type="CLASS" missed="1" covered="0"/></sourcefile><sourcefile name="MessageStoreFactory.java"><line nr="24" mi="3" ci="0" mb="0" cb="0"/><line nr="27" mi="0" ci="4" mb="0" cb="0"/><line nr="28" mi="0" ci="6" mb="2" cb="2"/><line nr="29" mi="4" ci="0" mb="0" cb="0"/><line nr="30" mi="9" ci="0" mb="2" cb="0"/><line nr="31" mi="4" ci="0" mb="0" cb="0"/><line nr="34" mi="3" ci="0" mb="0" cb="0"/><line nr="35" mi="13" ci="0" mb="0" cb="0"/><line nr="36" mi="14" ci="0" mb="0" cb="0"/><line nr="37" mi="1" ci="0" mb="0" cb="0"/><line nr="38" mi="13" ci="0" mb="0" cb="0"/><line nr="40" mi="1" ci="0" mb="0" cb="0"/><line nr="43" mi="0" ci="2" mb="0" cb="0"/><counter type="INSTRUCTION" missed="65" covered="12"/><counter type="BRANCH" missed="4" covered="2"/><counter type="LINE" missed="10" covered="3"/><counter type="COMPLEXITY" missed="4" covered="1"/><counter type="METHOD" missed="1" covered="1"/><counter type="CLASS" missed="0" covered="1"/></sourcefile><sourcefile name="MessageStorePluginContext.java"><line nr="34" mi="0" ci="2" mb="0" cb="0"/><line nr="35" mi="0" ci="3" mb="0" cb="0"/><line nr="36" mi="0" ci="3" mb="0" cb="0"/><line nr="37" mi="0" ci="3" mb="0" cb="0"/><line nr="38" mi="0" ci="3" mb="0" cb="0"/><line nr="39" mi="0" ci="1" mb="0" cb="0"/><line nr="42" mi="3" ci="0" mb="0" cb="0"/><line nr="46" mi="3" ci="0" mb="0" cb="0"/><line nr="50" mi="3" ci="0" mb="0" cb="0"/><line nr="54" mi="0" ci="3" mb="0" cb="0"/><counter type="INSTRUCTION" missed="9" covered="18"/><counter type="LINE" missed="3" covered="7"/><counter type="COMPLEXITY" missed="3" covered="2"/><counter type="METHOD" missed="3" covered="2"/><counter type="CLASS" missed="0" covered="1"/></sourcefile><counter type="INSTRUCTION" missed="309" covered="30"/><counter type="BRANCH" missed="4" covered="2"/><counter type="LINE" missed="69" covered="10"/><counter type="COMPLEXITY" missed="52" covered="3"/><counter type="METHOD" missed="49" covered="3"/><counter type="CLASS" missed="1" covered="2"/></package><package name="org/apache/rocketmq/broker/util"><class name="org/apache/rocketmq/broker/util/PositiveAtomicCounter" sourcefilename="PositiveAtomicCounter.java"><method name="&lt;init&gt;" desc="()V" line="26"><counter type="INSTRUCTION" missed="0" covered="9"/><counter type="LINE" missed="0" covered="3"/><counter type="COMPLEXITY" missed="0" covered="1"/><counter type="METHOD" missed="0" covered="1"/></method><method name="incrementAndGet" desc="()I" line="32"><counter type="INSTRUCTION" missed="0" covered="8"/><counter type="LINE" missed="0" covered="2"/><counter type="COMPLEXITY" missed="0" covered="1"/><counter type="METHOD" missed="0" covered="1"/></method><method name="intValue" desc="()I" line="38"><counter type="INSTRUCTION" missed="4" covered="0"/><counter type="LINE" missed="1" covered="0"/><counter type="COMPLEXITY" missed="1" covered="0"/><counter type="METHOD" missed="1" covered="0"/></method><counter type="INSTRUCTION" missed="4" covered="17"/><counter type="LINE" missed="1" covered="5"/><counter type="COMPLEXITY" missed="1" covered="2"/><counter type="METHOD" missed="1" covered="2"/><counter type="CLASS" missed="0" covered="1"/></class><class name="org/apache/rocketmq/broker/util/ServiceProvider" sourcefilename="ServiceProvider.java"><method name="&lt;init&gt;" desc="()V" line="21"><counter type="INSTRUCTION" missed="3" covered="0"/><counter type="LINE" missed="1" covered="0"/><counter type="COMPLEXITY" missed="1" covered="0"/><counter type="METHOD" missed="1" covered="0"/></method><method name="objectId" desc="(Ljava/lang/Object;)Ljava/lang/String;" line="58"><counter type="INSTRUCTION" missed="2" covered="16"/><counter type="BRANCH" missed="1" covered="1"/><counter type="LINE" missed="1" covered="2"/><counter type="COMPLEXITY" missed="1" covered="1"/><counter type="METHOD" missed="0" covered="1"/></method><method name="getClassLoader" desc="(Ljava/lang/Class;)Ljava/lang/ClassLoader;" line="67"><counter type="INSTRUCTION" missed="9" covered="3"/><counter type="LINE" missed="4" covered="1"/><counter type="COMPLEXITY" missed="0" covered="1"/><counter type="METHOD" missed="0" covered="1"/></method><method name="getContextClassLoader" desc="()Ljava/lang/ClassLoader;" line="76"><counter type="INSTRUCTION" missed="1" covered="8"/><counter type="LINE" missed="1" covered="4"/><counter type="COMPLEXITY" missed="0" covered="1"/><counter type="METHOD" missed="0" covered="1"/></method><method name="getResourceAsStream" desc="(Ljava/lang/ClassLoader;Ljava/lang/String;)Ljava/io/InputStream;" line="90"><counter type="INSTRUCTION" missed="3" covered="6"/><counter type="BRANCH" missed="1" covered="1"/><counter type="LINE" missed="1" covered="2"/><counter type="COMPLEXITY" missed="1" covered="1"/><counter type="METHOD" missed="0" covered="1"/></method><method name="load" desc="(Ljava/lang/String;Ljava/lang/Class;)Ljava/util/List;" line="98"><counter type="INSTRUCTION" missed="21" covered="70"/><counter type="BRANCH" missed="2" covered="6"/><counter type="LINE" missed="4" covered="19"/><counter type="COMPLEXITY" missed="2" covered="3"/><counter type="METHOD" missed="0" covered="1"/></method><method name="loadClass" desc="(Ljava/lang/String;Ljava/lang/Class;)Ljava/lang/Object;" line="135"><counter type="INSTRUCTION" missed="28" covered="32"/><counter type="BRANCH" missed="3" covered="3"/><counter type="LINE" missed="7" covered="8"/><counter type="COMPLEXITY" missed="3" covered="1"/><counter type="METHOD" missed="0" covered="1"/></method><method name="initService" desc="(Ljava/lang/ClassLoader;Ljava/lang/String;Ljava/lang/Class;)Ljava/lang/Object;" line="160"><counter type="INSTRUCTION" missed="47" covered="30"/><counter type="BRANCH" missed="6" covered="2"/><counter type="LINE" missed="15" covered="10"/><counter type="COMPLEXITY" missed="4" covered="1"/><counter type="METHOD" missed="0" covered="1"/></method><method name="&lt;clinit&gt;" desc="()V" line="23"><counter type="INSTRUCTION" missed="0" covered="7"/><counter type="LINE" missed="0" covered="4"/><counter type="COMPLEXITY" missed="0" covered="1"/><counter type="METHOD" missed="0" covered="1"/></method><counter type="INSTRUCTION" missed="114" covered="172"/><counter type="BRANCH" missed="13" covered="13"/><counter type="LINE" missed="34" covered="50"/><counter type="COMPLEXITY" missed="12" covered="10"/><counter type="METHOD" missed="1" covered="8"/><counter type="CLASS" missed="0" covered="1"/></class><sourcefile name="PositiveAtomicCounter.java"><line nr="26" mi="0" ci="2" mb="0" cb="0"/><line nr="27" mi="0" ci="6" mb="0" cb="0"/><line nr="28" mi="0" ci="1" mb="0" cb="0"/><line nr="32" mi="0" ci="4" mb="0" cb="0"/><line nr="33" mi="0" ci="4" mb="0" cb="0"/><line nr="38" mi="4" ci="0" mb="0" cb="0"/><counter type="INSTRUCTION" missed="4" covered="17"/><counter type="LINE" missed="1" covered="5"/><counter type="COMPLEXITY" missed="1" covered="2"/><counter type="METHOD" missed="1" covered="2"/><counter type="CLASS" missed="0" covered="1"/></sourcefile><sourcefile name="ServiceProvider.java"><line nr="21" mi="3" ci="0" mb="0" cb="0"/><line nr="23" mi="0" ci="1" mb="0" cb="0"/><line nr="24" mi="0" ci="2" mb="0" cb="0"/><line nr="46" mi="0" ci="3" mb="0" cb="0"/><line nr="47" mi="0" ci="1" mb="0" cb="0"/><line nr="58" mi="0" ci="2" mb="1" cb="1"/><line nr="59" mi="2" ci="0" mb="0" cb="0"/><line nr="61" mi="0" ci="14" mb="0" cb="0"/><line nr="67" mi="0" ci="3" mb="0" cb="0"/><line nr="68" mi="1" ci="0" mb="0" cb="0"/><line nr="69" mi="5" ci="0" mb="0" cb="0"/><line nr="70" mi="1" ci="0" mb="0" cb="0"/><line nr="71" mi="2" ci="0" mb="0" cb="0"/><line nr="76" mi="0" ci="2" mb="0" cb="0"/><line nr="78" mi="0" ci="3" mb="0" cb="0"/><line nr="79" mi="1" ci="0" mb="0" cb="0"/><line nr="85" mi="0" ci="1" mb="0" cb="0"/><line nr="86" mi="0" ci="2" mb="0" cb="0"/><line nr="90" mi="0" ci="2" mb="1" cb="1"/><line nr="91" mi="0" ci="4" mb="0" cb="0"/><line nr="93" mi="3" ci="0" mb="0" cb="0"/><line nr="98" mi="0" ci="4" mb="0" cb="0"/><line nr="99" mi="0" ci="4" mb="0" cb="0"/><line nr="101" mi="0" ci="4" mb="0" cb="0"/><line nr="102" mi="0" ci="4" mb="0" cb="0"/><line nr="103" mi="0" ci="2" mb="0" cb="2"/><line nr="106" mi="0" ci="9" mb="0" cb="0"/><line nr="107" mi="1" ci="0" mb="0" cb="0"/><line nr="108" mi="8" ci="0" mb="0" cb="0"/><line nr="109" mi="0" ci="1" mb="0" cb="0"/><line nr="110" mi="0" ci="3" mb="0" cb="0"/><line nr="111" mi="0" ci="6" mb="1" cb="3"/><line nr="112" mi="0" ci="4" mb="0" cb="0"/><line nr="115" mi="0" ci="4" mb="1" cb="1"/><line nr="116" mi="0" ci="4" mb="0" cb="0"/><line nr="119" mi="0" ci="7" mb="0" cb="0"/><line nr="121" mi="0" ci="4" mb="0" cb="0"/><line nr="123" mi="0" ci="2" mb="0" cb="0"/><line nr="124" mi="0" ci="1" mb="0" cb="0"/><line nr="126" mi="0" ci="4" mb="0" cb="0"/><line nr="128" mi="1" ci="0" mb="0" cb="0"/><line nr="129" mi="11" ci="0" mb="0" cb="0"/><line nr="130" mi="0" ci="1" mb="0" cb="0"/><line nr="131" mi="0" ci="2" mb="0" cb="0"/><line nr="135" mi="0" ci="4" mb="0" cb="0"/><line nr="136" mi="0" ci="2" mb="1" cb="1"/><line nr="140" mi="0" ci="9" mb="0" cb="0"/><line nr="141" mi="1" ci="0" mb="0" cb="0"/><line nr="142" mi="8" ci="0" mb="0" cb="0"/><line nr="143" mi="0" ci="1" mb="0" cb="0"/><line nr="144" mi="0" ci="3" mb="0" cb="0"/><line nr="145" mi="0" ci="2" mb="0" cb="0"/><line nr="146" mi="0" ci="6" mb="2" cb="2"/><line nr="147" mi="0" ci="5" mb="0" cb="0"/><line nr="149" mi="3" ci="0" mb="0" cb="0"/><line nr="150" mi="2" ci="0" mb="0" cb="0"/><line nr="152" mi="1" ci="0" mb="0" cb="0"/><line nr="153" mi="11" ci="0" mb="0" cb="0"/><line nr="156" mi="2" ci="0" mb="0" cb="0"/><line nr="160" mi="0" ci="2" mb="0" cb="0"/><line nr="162" mi="0" ci="2" mb="1" cb="1"/><line nr="165" mi="0" ci="4" mb="0" cb="0"/><line nr="166" mi="0" ci="4" mb="1" cb="1"/><line nr="167" mi="0" ci="7" mb="0" cb="0"/><line nr="168" mi="0" ci="1" mb="0" cb="0"/><line nr="171" mi="8" ci="0" mb="0" cb="0"/><line nr="173" mi="5" ci="0" mb="0" cb="0"/><line nr="174" mi="8" ci="0" mb="0" cb="0"/><line nr="176" mi="0" ci="3" mb="0" cb="0"/><line nr="177" mi="1" ci="0" mb="0" cb="0"/><line nr="178" mi="3" ci="0" mb="2" cb="0"/><line nr="180" mi="5" ci="0" mb="0" cb="0"/><line nr="181" mi="1" ci="0" mb="0" cb="0"/><line nr="182" mi="2" ci="0" mb="0" cb="0"/><line nr="185" mi="1" ci="0" mb="0" cb="0"/><line nr="186" mi="3" ci="0" mb="2" cb="0"/><line nr="188" mi="5" ci="0" mb="0" cb="0"/><line nr="190" mi="1" ci="0" mb="0" cb="0"/><line nr="191" mi="2" ci="0" mb="0" cb="0"/><line nr="194" mi="1" ci="0" mb="0" cb="0"/><line nr="196" mi="0" ci="1" mb="0" cb="0"/><line nr="197" mi="0" ci="4" mb="0" cb="0"/><line nr="198" mi="1" ci="0" mb="0" cb="0"/><line nr="199" mi="0" ci="2" mb="0" cb="0"/><counter type="INSTRUCTION" missed="114" covered="172"/><counter type="BRANCH" missed="13" covered="13"/><counter type="LINE" missed="34" covered="50"/><counter type="COMPLEXITY" missed="12" covered="10"/><counter type="METHOD" missed="1" covered="8"/><counter type="CLASS" missed="0" covered="1"/></sourcefile><counter type="INSTRUCTION" missed="118" covered="189"/><counter type="BRANCH" missed="13" covered="13"/><counter type="LINE" missed="35" covered="55"/><counter type="COMPLEXITY" missed="13" covered="12"/><counter type="METHOD" missed="2" covered="10"/><counter type="CLASS" missed="0" covered="2"/></package><package name="org/apache/rocketmq/broker/client/rebalance"><class name="org/apache/rocketmq/broker/client/rebalance/RebalanceLockManager" sourcefilename="RebalanceLockManager.java"><method name="&lt;init&gt;" desc="()V" line="30"><counter type="INSTRUCTION" missed="0" covered="14"/><counter type="LINE" missed="0" covered="3"/><counter type="COMPLEXITY" missed="0" covered="1"/><counter type="METHOD" missed="0" covered="1"/></method><method name="tryLock" desc="(Ljava/lang/String;Lorg/apache/rocketmq/common/message/MessageQueue;Ljava/lang/String;)Z" line="40"><counter type="INSTRUCTION" missed="149" covered="0"/><counter type="BRANCH" missed="10" covered="0"/><counter type="LINE" missed="27" covered="0"/><counter type="COMPLEXITY" missed="6" covered="0"/><counter type="METHOD" missed="1" covered="0"/></method><method name="isLocked" desc="(Ljava/lang/String;Lorg/apache/rocketmq/common/message/MessageQueue;Ljava/lang/String;)Z" line="101"><counter type="INSTRUCTION" missed="28" covered="0"/><counter type="BRANCH" missed="6" covered="0"/><counter type="LINE" missed="9" covered="0"/><counter type="COMPLEXITY" missed="4" covered="0"/><counter type="METHOD" missed="1" covered="0"/></method><method name="tryLockBatch" desc="(Ljava/lang/String;Ljava/util/Set;Ljava/lang/String;)Ljava/util/Set;" line="119"><counter type="INSTRUCTION" missed="194" covered="0"/><counter type="BRANCH" missed="16" covered="0"/><counter type="LINE" missed="38" covered="0"/><counter type="COMPLEXITY" missed="9" covered="0"/><counter type="METHOD" missed="1" covered="0"/></method><method name="unlockBatch" desc="(Ljava/lang/String;Ljava/util/Set;Ljava/lang/String;)V" line="194"><counter type="INSTRUCTION" missed="114" covered="0"/><counter type="BRANCH" missed="8" covered="0"/><counter type="LINE" missed="19" covered="0"/><counter type="COMPLEXITY" missed="5" covered="0"/><counter type="METHOD" missed="1" covered="0"/></method><method name="&lt;clinit&gt;" desc="()V" line="31"><counter type="INSTRUCTION" missed="0" covered="9"/><counter type="LINE" missed="0" covered="2"/><counter type="COMPLEXITY" missed="0" covered="1"/><counter type="METHOD" missed="0" covered="1"/></method><counter type="INSTRUCTION" missed="485" covered="23"/><counter type="BRANCH" missed="40" covered="0"/><counter type="LINE" missed="93" covered="5"/><counter type="COMPLEXITY" missed="24" covered="2"/><counter type="METHOD" missed="4" covered="2"/><counter type="CLASS" missed="0" covered="1"/></class><class name="org/apache/rocketmq/broker/client/rebalance/RebalanceLockManager$LockEntry" sourcefilename="RebalanceLockManager.java"><method name="&lt;init&gt;" desc="()V" line="234"><counter type="INSTRUCTION" missed="6" covered="0"/><counter type="LINE" missed="2" covered="0"/><counter type="COMPLEXITY" missed="1" covered="0"/><counter type="METHOD" missed="1" covered="0"/></method><method name="getClientId" desc="()Ljava/lang/String;" line="239"><counter type="INSTRUCTION" missed="3" covered="0"/><counter type="LINE" missed="1" covered="0"/><counter type="COMPLEXITY" missed="1" covered="0"/><counter type="METHOD" missed="1" covered="0"/></method><method name="setClientId" desc="(Ljava/lang/String;)V" line="243"><counter type="INSTRUCTION" missed="4" covered="0"/><counter type="LINE" missed="2" covered="0"/><counter type="COMPLEXITY" missed="1" covered="0"/><counter type="METHOD" missed="1" covered="0"/></method><method name="getLastUpdateTimestamp" desc="()J" line="247"><counter type="INSTRUCTION" missed="3" covered="0"/><counter type="LINE" missed="1" covered="0"/><counter type="COMPLEXITY" missed="1" covered="0"/><counter type="METHOD" missed="1" covered="0"/></method><method name="setLastUpdateTimestamp" desc="(J)V" line="251"><counter type="INSTRUCTION" missed="4" covered="0"/><counter type="LINE" missed="2" covered="0"/><counter type="COMPLEXITY" missed="1" covered="0"/><counter type="METHOD" missed="1" covered="0"/></method><method name="isLocked" desc="(Ljava/lang/String;)Z" line="255"><counter type="INSTRUCTION" missed="14" covered="0"/><counter type="BRANCH" missed="4" covered="0"/><counter type="LINE" missed="2" covered="0"/><counter type="COMPLEXITY" missed="3" covered="0"/><counter type="METHOD" missed="1" covered="0"/></method><method name="isExpired" desc="()Z" line="261"><counter type="INSTRUCTION" missed="13" covered="0"/><counter type="BRANCH" missed="2" covered="0"/><counter type="LINE" missed="2" covered="0"/><counter type="COMPLEXITY" missed="2" covered="0"/><counter type="METHOD" missed="1" covered="0"/></method><counter type="INSTRUCTION" missed="47" covered="0"/><counter type="BRANCH" missed="6" covered="0"/><counter type="LINE" missed="12" covered="0"/><counter type="COMPLEXITY" missed="10" covered="0"/><counter type="METHOD" missed="7" covered="0"/><counter type="CLASS" missed="1" covered="0"/></class><sourcefile name="RebalanceLockManager.java"><line nr="30" mi="0" ci="2" mb="0" cb="0"/><line nr="31" mi="0" ci="3" mb="0" cb="0"/><line nr="32" mi="0" ci="6" mb="0" cb="0"/><line nr="34" mi="0" ci="5" mb="0" cb="0"/><line nr="35" mi="0" ci="7" mb="0" cb="0"/><line nr="40" mi="6" ci="0" mb="2" cb="0"/><line nr="42" mi="3" ci="0" mb="0" cb="0"/><line nr="44" mi="6" ci="0" mb="0" cb="0"/><line nr="45" mi="3" ci="0" mb="2" cb="0"/><line nr="46" mi="5" ci="0" mb="0" cb="0"/><line nr="47" mi="6" ci="0" mb="0" cb="0"/><line nr="50" mi="5" ci="0" mb="0" cb="0"/><line nr="51" mi="3" ci="0" mb="2" cb="0"/><line nr="52" mi="4" ci="0" mb="0" cb="0"/><line nr="53" mi="3" ci="0" mb="0" cb="0"/><line nr="54" mi="5" ci="0" mb="0" cb="0"/><line nr="55" mi="17" ci="0" mb="0" cb="0"/><line nr="61" mi="4" ci="0" mb="2" cb="0"/><line nr="62" mi="3" ci="0" mb="0" cb="0"/><line nr="63" mi="4" ci="0" mb="0" cb="0"/><line nr="66" mi="3" ci="0" mb="0" cb="0"/><line nr="68" mi="3" ci="0" mb="2" cb="0"/><line nr="69" mi="3" ci="0" mb="0" cb="0"/><line nr="70" mi="3" ci="0" mb="0" cb="0"/><line nr="71" mi="21" ci="0" mb="0" cb="0"/><line nr="77" mi="4" ci="0" mb="0" cb="0"/><line nr="80" mi="21" ci="0" mb="0" cb="0"/><line nr="86" mi="4" ci="0" mb="0" cb="0"/><line nr="88" mi="3" ci="0" mb="0" cb="0"/><line nr="90" mi="1" ci="0" mb="0" cb="0"/><line nr="91" mi="4" ci="0" mb="0" cb="0"/><line nr="97" mi="2" ci="0" mb="0" cb="0"/><line nr="101" mi="6" ci="0" mb="0" cb="0"/><line nr="102" mi="2" ci="0" mb="2" cb="0"/><line nr="103" mi="5" ci="0" mb="0" cb="0"/><line nr="104" mi="2" ci="0" mb="2" cb="0"/><line nr="105" mi="4" ci="0" mb="0" cb="0"/><line nr="106" mi="2" ci="0" mb="2" cb="0"/><line nr="107" mi="3" ci="0" mb="0" cb="0"/><line nr="110" mi="2" ci="0" mb="0" cb="0"/><line nr="114" mi="2" ci="0" mb="0" cb="0"/><line nr="119" mi="6" ci="0" mb="0" cb="0"/><line nr="120" mi="6" ci="0" mb="0" cb="0"/><line nr="122" mi="10" ci="0" mb="2" cb="0"/><line nr="123" mi="6" ci="0" mb="2" cb="0"/><line nr="124" mi="5" ci="0" mb="0" cb="0"/><line nr="126" mi="4" ci="0" mb="0" cb="0"/><line nr="128" mi="1" ci="0" mb="0" cb="0"/><line nr="130" mi="3" ci="0" mb="2" cb="0"/><line nr="132" mi="3" ci="0" mb="0" cb="0"/><line nr="134" mi="6" ci="0" mb="0" cb="0"/><line nr="135" mi="3" ci="0" mb="2" cb="0"/><line nr="136" mi="5" ci="0" mb="0" cb="0"/><line nr="137" mi="6" ci="0" mb="0" cb="0"/><line nr="140" mi="10" ci="0" mb="2" cb="0"/><line nr="141" mi="5" ci="0" mb="0" cb="0"/><line nr="142" mi="3" ci="0" mb="2" cb="0"/><line nr="143" mi="4" ci="0" mb="0" cb="0"/><line nr="144" mi="3" ci="0" mb="0" cb="0"/><line nr="145" mi="5" ci="0" mb="0" cb="0"/><line nr="146" mi="17" ci="0" mb="0" cb="0"/><line nr="153" mi="4" ci="0" mb="2" cb="0"/><line nr="154" mi="3" ci="0" mb="0" cb="0"/><line nr="155" mi="4" ci="0" mb="0" cb="0"/><line nr="156" mi="1" ci="0" mb="0" cb="0"/><line nr="159" mi="3" ci="0" mb="0" cb="0"/><line nr="161" mi="3" ci="0" mb="2" cb="0"/><line nr="162" mi="3" ci="0" mb="0" cb="0"/><line nr="163" mi="3" ci="0" mb="0" cb="0"/><line nr="164" mi="21" ci="0" mb="0" cb="0"/><line nr="170" mi="4" ci="0" mb="0" cb="0"/><line nr="171" mi="1" ci="0" mb="0" cb="0"/><line nr="174" mi="21" ci="0" mb="0" cb="0"/><line nr="180" mi="1" ci="0" mb="0" cb="0"/><line nr="182" mi="3" ci="0" mb="0" cb="0"/><line nr="184" mi="1" ci="0" mb="0" cb="0"/><line nr="185" mi="4" ci="0" mb="0" cb="0"/><line nr="186" mi="1" ci="0" mb="0" cb="0"/><line nr="189" mi="2" ci="0" mb="0" cb="0"/><line nr="194" mi="3" ci="0" mb="0" cb="0"/><line nr="196" mi="6" ci="0" mb="0" cb="0"/><line nr="197" mi="3" ci="0" mb="2" cb="0"/><line nr="198" mi="10" ci="0" mb="2" cb="0"/><line nr="199" mi="5" ci="0" mb="0" cb="0"/><line nr="200" mi="3" ci="0" mb="2" cb="0"/><line nr="201" mi="5" ci="0" mb="2" cb="0"/><line nr="202" mi="4" ci="0" mb="0" cb="0"/><line nr="203" mi="18" ci="0" mb="0" cb="0"/><line nr="208" mi="9" ci="0" mb="0" cb="0"/><line nr="209" mi="14" ci="0" mb="0" cb="0"/><line nr="215" mi="17" ci="0" mb="0" cb="0"/><line nr="220" mi="2" ci="0" mb="0" cb="0"/><line nr="222" mi="5" ci="0" mb="0" cb="0"/><line nr="227" mi="3" ci="0" mb="0" cb="0"/><line nr="229" mi="1" ci="0" mb="0" cb="0"/><line nr="230" mi="4" ci="0" mb="0" cb="0"/><line nr="231" mi="1" ci="0" mb="0" cb="0"/><line nr="232" mi="1" ci="0" mb="0" cb="0"/><line nr="234" mi="2" ci="0" mb="0" cb="0"/><line nr="236" mi="4" ci="0" mb="0" cb="0"/><line nr="239" mi="3" ci="0" mb="0" cb="0"/><line nr="243" mi="3" ci="0" mb="0" cb="0"/><line nr="244" mi="1" ci="0" mb="0" cb="0"/><line nr="247" mi="3" ci="0" mb="0" cb="0"/><line nr="251" mi="3" ci="0" mb="0" cb="0"/><line nr="252" mi="1" ci="0" mb="0" cb="0"/><line nr="255" mi="5" ci="0" mb="0" cb="0"/><line nr="256" mi="9" ci="0" mb="4" cb="0"/><line nr="261" mi="11" ci="0" mb="2" cb="0"/><line nr="263" mi="2" ci="0" mb="0" cb="0"/><counter type="INSTRUCTION" missed="532" covered="23"/><counter type="BRANCH" missed="46" covered="0"/><counter type="LINE" missed="105" covered="5"/><counter type="COMPLEXITY" missed="34" covered="2"/><counter type="METHOD" missed="11" covered="2"/><counter type="CLASS" missed="1" covered="1"/></sourcefile><counter type="INSTRUCTION" missed="532" covered="23"/><counter type="BRANCH" missed="46" covered="0"/><counter type="LINE" missed="105" covered="5"/><counter type="COMPLEXITY" missed="34" covered="2"/><counter type="METHOD" missed="11" covered="2"/><counter type="CLASS" missed="1" covered="1"/></package><package name="org/apache/rocketmq/broker/dledger"><class name="org/apache/rocketmq/broker/dledger/DLedgerRoleChangeHandler$1" sourcefilename="DLedgerRoleChangeHandler.java"><method name="&lt;init&gt;" desc="(Lorg/apache/rocketmq/broker/dledger/DLedgerRoleChangeHandler;JLio/openmessaging/storage/dledger/MemberState$Role;)V" line="50"><counter type="INSTRUCTION" missed="12" covered="0"/><counter type="LINE" missed="1" covered="0"/><counter type="COMPLEXITY" missed="1" covered="0"/><counter type="METHOD" missed="1" covered="0"/></method><method name="run" desc="()V" line="52"><counter type="INSTRUCTION" missed="184" covered="0"/><counter type="BRANCH" missed="16" covered="0"/><counter type="LINE" missed="25" covered="0"/><counter type="COMPLEXITY" missed="10" covered="0"/><counter type="METHOD" missed="1" covered="0"/></method><counter type="INSTRUCTION" missed="196" covered="0"/><counter type="BRANCH" missed="16" covered="0"/><counter type="LINE" missed="26" covered="0"/><counter type="COMPLEXITY" missed="11" covered="0"/><counter type="METHOD" missed="2" covered="0"/><counter type="CLASS" missed="1" covered="0"/></class><class name="org/apache/rocketmq/broker/dledger/DLedgerRoleChangeHandler" sourcefilename="DLedgerRoleChangeHandler.java"><method name="&lt;init&gt;" desc="(Lorg/apache/rocketmq/broker/BrokerController;Lorg/apache/rocketmq/store/DefaultMessageStore;)V" line="37"><counter type="INSTRUCTION" missed="26" covered="0"/><counter type="LINE" missed="7" covered="0"/><counter type="COMPLEXITY" missed="1" covered="0"/><counter type="METHOD" missed="1" covered="0"/></method><method name="handle" desc="(JLio/openmessaging/storage/dledger/MemberState$Role;)V" line="50"><counter type="INSTRUCTION" missed="13" covered="0"/><counter type="LINE" missed="3" covered="0"/><counter type="COMPLEXITY" missed="1" covered="0"/><counter type="METHOD" missed="1" covered="0"/></method><method name="startup" desc="()V" line="99"><counter type="INSTRUCTION" missed="1" covered="0"/><counter type="LINE" missed="1" covered="0"/><counter type="COMPLEXITY" missed="1" covered="0"/><counter type="METHOD" missed="1" covered="0"/></method><method name="shutdown" desc="()V" line="102"><counter type="INSTRUCTION" missed="4" covered="0"/><counter type="LINE" missed="2" covered="0"/><counter type="COMPLEXITY" missed="1" covered="0"/><counter type="METHOD" missed="1" covered="0"/></method><method name="&lt;clinit&gt;" desc="()V" line="36"><counter type="INSTRUCTION" missed="4" covered="0"/><counter type="LINE" missed="1" covered="0"/><counter type="COMPLEXITY" missed="1" covered="0"/><counter type="METHOD" missed="1" covered="0"/></method><counter type="INSTRUCTION" missed="48" covered="0"/><counter type="LINE" missed="14" covered="0"/><counter type="COMPLEXITY" missed="5" covered="0"/><counter type="METHOD" missed="5" covered="0"/><counter type="CLASS" missed="1" covered="0"/></class><sourcefile name="DLedgerRoleChangeHandler.java"><line nr="36" mi="4" ci="0" mb="0" cb="0"/><line nr="37" mi="7" ci="0" mb="0" cb="0"/><line nr="42" mi="2" ci="0" mb="0" cb="0"/><line nr="43" mi="3" ci="0" mb="0" cb="0"/><line nr="44" mi="3" ci="0" mb="0" cb="0"/><line nr="45" mi="5" ci="0" mb="0" cb="0"/><line nr="46" mi="5" ci="0" mb="0" cb="0"/><line nr="47" mi="1" ci="0" mb="0" cb="0"/><line nr="50" mi="19" ci="0" mb="0" cb="0"/><line nr="52" mi="2" ci="0" mb="0" cb="0"/><line nr="54" mi="2" ci="0" mb="0" cb="0"/><line nr="55" mi="24" ci="0" mb="0" cb="0"/><line nr="56" mi="6" ci="0" mb="4" cb="0"/><line nr="58" mi="7" ci="0" mb="2" cb="0"/><line nr="59" mi="9" ci="0" mb="0" cb="0"/><line nr="63" mi="8" ci="0" mb="0" cb="0"/><line nr="64" mi="1" ci="0" mb="0" cb="0"/><line nr="67" mi="6" ci="0" mb="2" cb="0"/><line nr="68" mi="2" ci="0" mb="0" cb="0"/><line nr="69" mi="1" ci="0" mb="0" cb="0"/><line nr="71" mi="8" ci="0" mb="2" cb="0"/><line nr="72" mi="1" ci="0" mb="0" cb="0"/><line nr="74" mi="14" ci="0" mb="2" cb="0"/><line nr="75" mi="5" ci="0" mb="2" cb="0"/><line nr="76" mi="1" ci="0" mb="0" cb="0"/><line nr="78" mi="3" ci="0" mb="0" cb="0"/><line nr="80" mi="2" ci="0" mb="2" cb="0"/><line nr="81" mi="4" ci="0" mb="0" cb="0"/><line nr="82" mi="6" ci="0" mb="0" cb="0"/><line nr="88" mi="35" ci="0" mb="0" cb="0"/><line nr="89" mi="1" ci="0" mb="0" cb="0"/><line nr="90" mi="34" ci="0" mb="0" cb="0"/><line nr="91" mi="1" ci="0" mb="0" cb="0"/><line nr="92" mi="1" ci="0" mb="0" cb="0"/><line nr="94" mi="5" ci="0" mb="0" cb="0"/><line nr="95" mi="1" ci="0" mb="0" cb="0"/><line nr="99" mi="1" ci="0" mb="0" cb="0"/><line nr="102" mi="3" ci="0" mb="0" cb="0"/><line nr="103" mi="1" ci="0" mb="0" cb="0"/><counter type="INSTRUCTION" missed="244" covered="0"/><counter type="BRANCH" missed="16" covered="0"/><counter type="LINE" missed="39" covered="0"/><counter type="COMPLEXITY" missed="16" covered="0"/><counter type="METHOD" missed="7" covered="0"/><counter type="CLASS" missed="2" covered="0"/></sourcefile><counter type="INSTRUCTION" missed="244" covered="0"/><counter type="BRANCH" missed="16" covered="0"/><counter type="LINE" missed="39" covered="0"/><counter type="COMPLEXITY" missed="16" covered="0"/><counter type="METHOD" missed="7" covered="0"/><counter type="CLASS" missed="2" covered="0"/></package><package name="org/apache/rocketmq/broker/filter"><class name="org/apache/rocketmq/broker/filter/ConsumerFilterManager" sourcefilename="ConsumerFilterManager.java"><method name="&lt;init&gt;" desc="()V" line="49"><counter type="INSTRUCTION" missed="0" covered="14"/><counter type="LINE" missed="0" covered="4"/><counter type="COMPLEXITY" missed="0" covered="1"/><counter type="METHOD" missed="0" covered="1"/></method><method name="&lt;init&gt;" desc="(Lorg/apache/rocketmq/broker/BrokerController;)V" line="49"><counter type="INSTRUCTION" missed="0" covered="27"/><counter type="LINE" missed="0" covered="9"/><counter type="COMPLEXITY" missed="0" covered="1"/><counter type="METHOD" missed="0" covered="1"/></method><method name="build" desc="(Ljava/lang/String;Ljava/lang/String;Ljava/lang/String;Ljava/lang/String;J)Lorg/apache/rocketmq/broker/filter/ConsumerFilterData;" line="80"><counter type="INSTRUCTION" missed="2" covered="63"/><counter type="BRANCH" missed="1" covered="1"/><counter type="LINE" missed="1" covered="16"/><counter type="COMPLEXITY" missed="1" covered="1"/><counter type="METHOD" missed="0" covered="1"/></method><method name="register" desc="(Ljava/lang/String;Ljava/util/Collection;)V" line="105"><counter type="INSTRUCTION" missed="11" covered="63"/><counter type="BRANCH" missed="4" covered="8"/><counter type="LINE" missed="2" covered="20"/><counter type="COMPLEXITY" missed="3" covered="4"/><counter type="METHOD" missed="0" covered="1"/></method><method name="register" desc="(Ljava/lang/String;Ljava/lang/String;Ljava/lang/String;Ljava/lang/String;J)Z" line="139"><counter type="INSTRUCTION" missed="4" covered="56"/><counter type="BRANCH" missed="3" covered="7"/><counter type="LINE" missed="1" covered="10"/><counter type="COMPLEXITY" missed="3" covered="3"/><counter type="METHOD" missed="0" covered="1"/></method><method name="unRegister" desc="(Ljava/lang/String;)V" line="161"><counter type="INSTRUCTION" missed="0" covered="21"/><counter type="BRANCH" missed="0" covered="2"/><counter type="LINE" missed="0" covered="4"/><counter type="COMPLEXITY" missed="0" covered="2"/><counter type="METHOD" missed="0" covered="1"/></method><method name="get" desc="(Ljava/lang/String;Ljava/lang/String;)Lorg/apache/rocketmq/broker/filter/ConsumerFilterData;" line="167"><counter type="INSTRUCTION" missed="2" covered="25"/><counter type="BRANCH" missed="1" covered="3"/><counter type="LINE" missed="1" covered="4"/><counter type="COMPLEXITY" missed="1" covered="2"/><counter type="METHOD" missed="0" covered="1"/></method><method name="getByGroup" desc="(Ljava/lang/String;)Ljava/util/Collection;" line="178"><counter type="INSTRUCTION" missed="0" covered="41"/><counter type="BRANCH" missed="1" covered="5"/><counter type="LINE" missed="0" covered="12"/><counter type="COMPLEXITY" missed="1" covered="3"/><counter type="METHOD" missed="0" covered="1"/></method><method name="get" desc="(Ljava/lang/String;)Ljava/util/Collection;" line="199"><counter type="INSTRUCTION" missed="2" covered="23"/><counter type="BRANCH" missed="1" covered="3"/><counter type="LINE" missed="1" covered="4"/><counter type="COMPLEXITY" missed="1" covered="2"/><counter type="METHOD" missed="0" covered="1"/></method><method name="getBloomFilter" desc="()Lorg/apache/rocketmq/filter/util/BloomFilter;" line="210"><counter type="INSTRUCTION" missed="0" covered="3"/><counter type="LINE" missed="0" covered="1"/><counter type="COMPLEXITY" missed="0" covered="1"/><counter type="METHOD" missed="0" covered="1"/></method><method name="encode" desc="()Ljava/lang/String;" line="215"><counter type="INSTRUCTION" missed="4" covered="0"/><counter type="LINE" missed="1" covered="0"/><counter type="COMPLEXITY" missed="1" covered="0"/><counter type="METHOD" missed="1" covered="0"/></method><method name="configFilePath" desc="()Ljava/lang/String;" line="220"><counter type="INSTRUCTION" missed="0" covered="12"/><counter type="BRANCH" missed="0" covered="2"/><counter type="LINE" missed="0" covered="4"/><counter type="COMPLEXITY" missed="0" covered="2"/><counter type="METHOD" missed="0" covered="1"/></method><method name="decode" desc="(Ljava/lang/String;)V" line="230"><counter type="INSTRUCTION" missed="25" covered="100"/><counter type="BRANCH" missed="8" covered="12"/><counter type="LINE" missed="7" covered="23"/><counter type="COMPLEXITY" missed="8" covered="3"/><counter type="METHOD" missed="0" covered="1"/></method><method name="encode" desc="(Z)Ljava/lang/String;" line="285"><counter type="INSTRUCTION" missed="0" covered="6"/><counter type="LINE" missed="0" covered="2"/><counter type="COMPLEXITY" missed="0" covered="1"/><counter type="METHOD" missed="0" covered="1"/></method><method name="clean" desc="()V" line="291"><counter type="INSTRUCTION" missed="4" covered="62"/><counter type="BRANCH" missed="1" covered="9"/><counter type="LINE" missed="0" covered="17"/><counter type="COMPLEXITY" missed="1" covered="5"/><counter type="METHOD" missed="0" covered="1"/></method><method name="getFilterDataByTopic" desc="()Ljava/util/concurrent/ConcurrentMap;" line="316"><counter type="INSTRUCTION" missed="0" covered="3"/><counter type="LINE" missed="0" covered="1"/><counter type="COMPLEXITY" missed="0" covered="1"/><counter type="METHOD" missed="0" covered="1"/></method><method name="setFilterDataByTopic" desc="(Ljava/util/concurrent/ConcurrentHashMap;)V" line="320"><counter type="INSTRUCTION" missed="0" covered="4"/><counter type="LINE" missed="0" covered="2"/><counter type="COMPLEXITY" missed="0" covered="1"/><counter type="METHOD" missed="0" covered="1"/></method><method name="&lt;clinit&gt;" desc="()V" line="45"><counter type="INSTRUCTION" missed="0" covered="4"/><counter type="LINE" missed="0" covered="1"/><counter type="COMPLEXITY" missed="0" covered="1"/><counter type="METHOD" missed="0" covered="1"/></method><counter type="INSTRUCTION" missed="54" covered="527"/><counter type="BRANCH" missed="20" covered="52"/><counter type="LINE" missed="14" covered="133"/><counter type="COMPLEXITY" missed="20" covered="34"/><counter type="METHOD" missed="1" covered="17"/><counter type="CLASS" missed="0" covered="1"/></class><class name="org/apache/rocketmq/broker/filter/ExpressionForRetryMessageFilter" sourcefilename="ExpressionForRetryMessageFilter.java"><method name="&lt;init&gt;" desc="(Lorg/apache/rocketmq/common/protocol/heartbeat/SubscriptionData;Lorg/apache/rocketmq/broker/filter/ConsumerFilterData;Lorg/apache/rocketmq/broker/filter/ConsumerFilterManager;)V" line="36"><counter type="INSTRUCTION" missed="6" covered="0"/><counter type="LINE" missed="2" covered="0"/><counter type="COMPLEXITY" missed="1" covered="0"/><counter type="METHOD" missed="1" covered="0"/></method><method name="isMatchedByCommitLog" desc="(Ljava/nio/ByteBuffer;Ljava/util/Map;)Z" line="41"><counter type="INSTRUCTION" missed="138" covered="0"/><counter type="BRANCH" missed="30" covered="0"/><counter type="LINE" missed="32" covered="0"/><counter type="COMPLEXITY" missed="16" covered="0"/><counter type="METHOD" missed="1" covered="0"/></method><counter type="INSTRUCTION" missed="144" covered="0"/><counter type="BRANCH" missed="30" covered="0"/><counter type="LINE" missed="34" covered="0"/><counter type="COMPLEXITY" missed="17" covered="0"/><counter type="METHOD" missed="2" covered="0"/><counter type="CLASS" missed="1" covered="0"/></class><class name="org/apache/rocketmq/broker/filter/CommitLogDispatcherCalcBitMap" sourcefilename="CommitLogDispatcherCalcBitMap.java"><method name="&lt;init&gt;" desc="(Lorg/apache/rocketmq/common/BrokerConfig;Lorg/apache/rocketmq/broker/filter/ConsumerFilterManager;)V" line="42"><counter type="INSTRUCTION" missed="0" covered="9"/><counter type="LINE" missed="0" covered="4"/><counter type="COMPLEXITY" missed="0" covered="1"/><counter type="METHOD" missed="0" covered="1"/></method><method name="dispatch" desc="(Lorg/apache/rocketmq/store/DispatchRequest;)V" line="49"><counter type="INSTRUCTION" missed="48" covered="139"/><counter type="BRANCH" missed="4" covered="16"/><counter type="LINE" missed="5" covered="31"/><counter type="COMPLEXITY" missed="4" covered="7"/><counter type="METHOD" missed="0" covered="1"/></method><method name="&lt;clinit&gt;" desc="()V" line="37"><counter type="INSTRUCTION" missed="0" covered="4"/><counter type="LINE" missed="0" covered="1"/><counter type="COMPLEXITY" missed="0" covered="1"/><counter type="METHOD" missed="0" covered="1"/></method><counter type="INSTRUCTION" missed="48" covered="152"/><counter type="BRANCH" missed="4" covered="16"/><counter type="LINE" missed="5" covered="36"/><counter type="COMPLEXITY" missed="4" covered="9"/><counter type="METHOD" missed="0" covered="3"/><counter type="CLASS" missed="0" covered="1"/></class><class name="org/apache/rocketmq/broker/filter/ExpressionMessageFilter" sourcefilename="ExpressionMessageFilter.java"><method name="&lt;init&gt;" desc="(Lorg/apache/rocketmq/common/protocol/heartbeat/SubscriptionData;Lorg/apache/rocketmq/broker/filter/ConsumerFilterData;Lorg/apache/rocketmq/broker/filter/ConsumerFilterManager;)V" line="44"><counter type="INSTRUCTION" missed="0" covered="36"/><counter type="BRANCH" missed="1" covered="5"/><counter type="LINE" missed="0" covered="12"/><counter type="COMPLEXITY" missed="1" covered="3"/><counter type="METHOD" missed="0" covered="1"/></method><method name="isMatchedByConsumeQueue" desc="(Ljava/lang/Long;Lorg/apache/rocketmq/store/ConsumeQueueExt$CqExtUnit;)Z" line="62"><counter type="INSTRUCTION" missed="58" covered="96"/><counter type="BRANCH" missed="15" covered="13"/><counter type="LINE" missed="13" covered="16"/><counter type="COMPLEXITY" missed="13" covered="2"/><counter type="METHOD" missed="0" covered="1"/></method><method name="isMatchedByCommitLog" desc="(Ljava/nio/ByteBuffer;Ljava/util/Map;)Z" line="119"><counter type="INSTRUCTION" missed="26" covered="71"/><counter type="BRANCH" missed="10" covered="10"/><counter type="LINE" missed="7" covered="16"/><counter type="COMPLEXITY" missed="10" covered="1"/><counter type="METHOD" missed="0" covered="1"/></method><method name="&lt;clinit&gt;" desc="()V" line="36"><counter type="INSTRUCTION" missed="0" covered="4"/><counter type="LINE" missed="0" covered="1"/><counter type="COMPLEXITY" missed="0" covered="1"/><counter type="METHOD" missed="0" covered="1"/></method><counter type="INSTRUCTION" missed="84" covered="207"/><counter type="BRANCH" missed="26" covered="28"/><counter type="LINE" missed="20" covered="45"/><counter type="COMPLEXITY" missed="24" covered="7"/><counter type="METHOD" missed="0" covered="4"/><counter type="CLASS" missed="0" covered="1"/></class><class name="org/apache/rocketmq/broker/filter/ConsumerFilterManager$FilterDataMapByTopic" sourcefilename="ConsumerFilterManager.java"><method name="&lt;init&gt;" desc="()V" line="325"><counter type="INSTRUCTION" missed="0" covered="8"/><counter type="LINE" missed="0" covered="3"/><counter type="COMPLEXITY" missed="0" covered="1"/><counter type="METHOD" missed="0" covered="1"/></method><method name="&lt;init&gt;" desc="(Ljava/lang/String;)V" line="325"><counter type="INSTRUCTION" missed="0" covered="11"/><counter type="LINE" missed="0" covered="4"/><counter type="COMPLEXITY" missed="0" covered="1"/><counter type="METHOD" missed="0" covered="1"/></method><method name="unRegister" desc="(Ljava/lang/String;)V" line="338"><counter type="INSTRUCTION" missed="2" covered="28"/><counter type="BRANCH" missed="3" covered="3"/><counter type="LINE" missed="2" covered="7"/><counter type="COMPLEXITY" missed="3" covered="1"/><counter type="METHOD" missed="0" covered="1"/></method><method name="register" desc="(Ljava/lang/String;Ljava/lang/String;Ljava/lang/String;Lorg/apache/rocketmq/filter/util/BloomFilterData;J)Z" line="357"><counter type="INSTRUCTION" missed="111" covered="176"/><counter type="BRANCH" missed="25" covered="19"/><counter type="LINE" missed="19" covered="31"/><counter type="COMPLEXITY" missed="17" covered="6"/><counter type="METHOD" missed="0" covered="1"/></method><method name="reAlive" desc="(Lorg/apache/rocketmq/broker/filter/ConsumerFilterData;)V" line="443"><counter type="INSTRUCTION" missed="0" covered="13"/><counter type="LINE" missed="0" covered="4"/><counter type="COMPLEXITY" missed="0" covered="1"/><counter type="METHOD" missed="0" covered="1"/></method><method name="get" desc="(Ljava/lang/String;)Lorg/apache/rocketmq/broker/filter/ConsumerFilterData;" line="449"><counter type="INSTRUCTION" missed="6" covered="0"/><counter type="LINE" missed="1" covered="0"/><counter type="COMPLEXITY" missed="1" covered="0"/><counter type="METHOD" missed="1" covered="0"/></method><method name="getGroupFilterData" desc="()Ljava/util/concurrent/ConcurrentMap;" line="453"><counter type="INSTRUCTION" missed="0" covered="3"/><counter type="LINE" missed="0" covered="1"/><counter type="COMPLEXITY" missed="0" covered="1"/><counter type="METHOD" missed="0" covered="1"/></method><method name="setGroupFilterData" desc="(Ljava/util/concurrent/ConcurrentHashMap;)V" line="457"><counter type="INSTRUCTION" missed="0" covered="4"/><counter type="LINE" missed="0" covered="2"/><counter type="COMPLEXITY" missed="0" covered="1"/><counter type="METHOD" missed="0" covered="1"/></method><method name="getTopic" desc="()Ljava/lang/String;" line="461"><counter type="INSTRUCTION" missed="0" covered="3"/><counter type="LINE" missed="0" covered="1"/><counter type="COMPLEXITY" missed="0" covered="1"/><counter type="METHOD" missed="0" covered="1"/></method><method name="setTopic" desc="(Ljava/lang/String;)V" line="465"><counter type="INSTRUCTION" missed="0" covered="4"/><counter type="LINE" missed="0" covered="2"/><counter type="COMPLEXITY" missed="0" covered="1"/><counter type="METHOD" missed="0" covered="1"/></method><counter type="INSTRUCTION" missed="119" covered="250"/><counter type="BRANCH" missed="28" covered="22"/><counter type="LINE" missed="22" covered="54"/><counter type="COMPLEXITY" missed="21" covered="14"/><counter type="METHOD" missed="1" covered="9"/><counter type="CLASS" missed="0" covered="1"/></class><class name="org/apache/rocketmq/broker/filter/MessageEvaluationContext" sourcefilename="MessageEvaluationContext.java"><method name="&lt;init&gt;" desc="(Ljava/util/Map;)V" line="32"><counter type="INSTRUCTION" missed="0" covered="6"/><counter type="LINE" missed="0" covered="3"/><counter type="COMPLEXITY" missed="0" covered="1"/><counter type="METHOD" missed="0" covered="1"/></method><method name="get" desc="(Ljava/lang/String;)Ljava/lang/Object;" line="38"><counter type="INSTRUCTION" missed="2" covered="8"/><counter type="BRANCH" missed="1" covered="1"/><counter type="LINE" missed="1" covered="2"/><counter type="COMPLEXITY" missed="1" covered="1"/><counter type="METHOD" missed="0" covered="1"/></method><method name="keyValues" desc="()Ljava/util/Map;" line="46"><counter type="INSTRUCTION" missed="36" covered="0"/><counter type="BRANCH" missed="4" covered="0"/><counter type="LINE" missed="7" covered="0"/><counter type="COMPLEXITY" missed="3" covered="0"/><counter type="METHOD" missed="1" covered="0"/></method><counter type="INSTRUCTION" missed="38" covered="14"/><counter type="BRANCH" missed="5" covered="1"/><counter type="LINE" missed="8" covered="5"/><counter type="COMPLEXITY" missed="4" covered="2"/><counter type="METHOD" missed="1" covered="2"/><counter type="CLASS" missed="0" covered="1"/></class><class name="org/apache/rocketmq/broker/filter/ConsumerFilterData" sourcefilename="ConsumerFilterData.java"><method name="&lt;init&gt;" desc="()V" line="32"><counter type="INSTRUCTION" missed="0" covered="6"/><counter type="LINE" missed="0" covered="2"/><counter type="COMPLEXITY" missed="0" covered="1"/><counter type="METHOD" missed="0" covered="1"/></method><method name="isDead" desc="()Z" line="45"><counter type="INSTRUCTION" missed="0" covered="10"/><counter type="BRANCH" missed="0" covered="2"/><counter type="LINE" missed="0" covered="1"/><counter type="COMPLEXITY" missed="0" covered="2"/><counter type="METHOD" missed="0" covered="1"/></method><method name="howLongAfterDeath" desc="()J" line="49"><counter type="INSTRUCTION" missed="0" covered="10"/><counter type="BRANCH" missed="0" covered="2"/><counter type="LINE" missed="0" covered="3"/><counter type="COMPLEXITY" missed="0" covered="2"/><counter type="METHOD" missed="0" covered="1"/></method><method name="isMsgInLive" desc="(J)Z" line="59"><counter type="INSTRUCTION" missed="1" covered="8"/><counter type="BRANCH" missed="1" covered="1"/><counter type="LINE" missed="0" covered="1"/><counter type="COMPLEXITY" missed="1" covered="1"/><counter type="METHOD" missed="0" covered="1"/></method><method name="getConsumerGroup" desc="()Ljava/lang/String;" line="63"><counter type="INSTRUCTION" missed="0" covered="3"/><counter type="LINE" missed="0" covered="1"/><counter type="COMPLEXITY" missed="0" covered="1"/><counter type="METHOD" missed="0" covered="1"/></method><method name="setConsumerGroup" desc="(Ljava/lang/String;)V" line="67"><counter type="INSTRUCTION" missed="0" covered="4"/><counter type="LINE" missed="0" covered="2"/><counter type="COMPLEXITY" missed="0" covered="1"/><counter type="METHOD" missed="0" covered="1"/></method><method name="getTopic" desc="()Ljava/lang/String;" line="71"><counter type="INSTRUCTION" missed="0" covered="3"/><counter type="LINE" missed="0" covered="1"/><counter type="COMPLEXITY" missed="0" covered="1"/><counter type="METHOD" missed="0" covered="1"/></method><method name="setTopic" desc="(Ljava/lang/String;)V" line="75"><counter type="INSTRUCTION" missed="0" covered="4"/><counter type="LINE" missed="0" covered="2"/><counter type="COMPLEXITY" missed="0" covered="1"/><counter type="METHOD" missed="0" covered="1"/></method><method name="getExpression" desc="()Ljava/lang/String;" line="79"><counter type="INSTRUCTION" missed="0" covered="3"/><counter type="LINE" missed="0" covered="1"/><counter type="COMPLEXITY" missed="0" covered="1"/><counter type="METHOD" missed="0" covered="1"/></method><method name="setExpression" desc="(Ljava/lang/String;)V" line="83"><counter type="INSTRUCTION" missed="0" covered="4"/><counter type="LINE" missed="0" covered="2"/><counter type="COMPLEXITY" missed="0" covered="1"/><counter type="METHOD" missed="0" covered="1"/></method><method name="getExpressionType" desc="()Ljava/lang/String;" line="87"><counter type="INSTRUCTION" missed="0" covered="3"/><counter type="LINE" missed="0" covered="1"/><counter type="COMPLEXITY" missed="0" covered="1"/><counter type="METHOD" missed="0" covered="1"/></method><method name="setExpressionType" desc="(Ljava/lang/String;)V" line="91"><counter type="INSTRUCTION" missed="0" covered="4"/><counter type="LINE" missed="0" covered="2"/><counter type="COMPLEXITY" missed="0" covered="1"/><counter type="METHOD" missed="0" covered="1"/></method><method name="getCompiledExpression" desc="()Lorg/apache/rocketmq/filter/expression/Expression;" line="95"><counter type="INSTRUCTION" missed="0" covered="3"/><counter type="LINE" missed="0" covered="1"/><counter type="COMPLEXITY" missed="0" covered="1"/><counter type="METHOD" missed="0" covered="1"/></method><method name="setCompiledExpression" desc="(Lorg/apache/rocketmq/filter/expression/Expression;)V" line="99"><counter type="INSTRUCTION" missed="0" covered="4"/><counter type="LINE" missed="0" covered="2"/><counter type="COMPLEXITY" missed="0" covered="1"/><counter type="METHOD" missed="0" covered="1"/></method><method name="getBornTime" desc="()J" line="103"><counter type="INSTRUCTION" missed="0" covered="3"/><counter type="LINE" missed="0" covered="1"/><counter type="COMPLEXITY" missed="0" covered="1"/><counter type="METHOD" missed="0" covered="1"/></method><method name="setBornTime" desc="(J)V" line="107"><counter type="INSTRUCTION" missed="0" covered="4"/><counter type="LINE" missed="0" covered="2"/><counter type="COMPLEXITY" missed="0" covered="1"/><counter type="METHOD" missed="0" covered="1"/></method><method name="getDeadTime" desc="()J" line="111"><counter type="INSTRUCTION" missed="0" covered="3"/><counter type="LINE" missed="0" covered="1"/><counter type="COMPLEXITY" missed="0" covered="1"/><counter type="METHOD" missed="0" covered="1"/></method><method name="setDeadTime" desc="(J)V" line="115"><counter type="INSTRUCTION" missed="0" covered="4"/><counter type="LINE" missed="0" covered="2"/><counter type="COMPLEXITY" missed="0" covered="1"/><counter type="METHOD" missed="0" covered="1"/></method><method name="getBloomFilterData" desc="()Lorg/apache/rocketmq/filter/util/BloomFilterData;" line="119"><counter type="INSTRUCTION" missed="0" covered="3"/><counter type="LINE" missed="0" covered="1"/><counter type="COMPLEXITY" missed="0" covered="1"/><counter type="METHOD" missed="0" covered="1"/></method><method name="setBloomFilterData" desc="(Lorg/apache/rocketmq/filter/util/BloomFilterData;)V" line="123"><counter type="INSTRUCTION" missed="0" covered="4"/><counter type="LINE" missed="0" covered="2"/><counter type="COMPLEXITY" missed="0" covered="1"/><counter type="METHOD" missed="0" covered="1"/></method><method name="getClientVersion" desc="()J" line="127"><counter type="INSTRUCTION" missed="0" covered="3"/><counter type="LINE" missed="0" covered="1"/><counter type="COMPLEXITY" missed="0" covered="1"/><counter type="METHOD" missed="0" covered="1"/></method><method name="setClientVersion" desc="(J)V" line="131"><counter type="INSTRUCTION" missed="0" covered="4"/><counter type="LINE" missed="0" covered="2"/><counter type="COMPLEXITY" missed="0" covered="1"/><counter type="METHOD" missed="0" covered="1"/></method><method name="equals" desc="(Ljava/lang/Object;)Z" line="136"><counter type="INSTRUCTION" missed="0" covered="5"/><counter type="LINE" missed="0" covered="1"/><counter type="COMPLEXITY" missed="0" covered="1"/><counter type="METHOD" missed="0" covered="1"/></method><method name="hashCode" desc="()I" line="141"><counter type="INSTRUCTION" missed="0" covered="4"/><counter type="LINE" missed="0" covered="1"/><counter type="COMPLEXITY" missed="0" covered="1"/><counter type="METHOD" missed="0" covered="1"/></method><method name="toString" desc="()Ljava/lang/String;" line="146"><counter type="INSTRUCTION" missed="0" covered="4"/><counter type="LINE" missed="0" covered="1"/><counter type="COMPLEXITY" missed="0" covered="1"/><counter type="METHOD" missed="0" covered="1"/></method><counter type="INSTRUCTION" missed="1" covered="110"/><counter type="BRANCH" missed="1" covered="5"/><counter type="LINE" missed="0" covered="37"/><counter type="COMPLEXITY" missed="1" covered="27"/><counter type="METHOD" missed="0" covered="25"/><counter type="CLASS" missed="0" covered="1"/></class><sourcefile name="ConsumerFilterManager.java"><line nr="45" mi="0" ci="4" mb="0" cb="0"/><line nr="49" mi="0" ci="12" mb="0" cb="0"/><line nr="55" mi="0" ci="2" mb="0" cb="0"/><line nr="57" mi="0" ci="5" mb="0" cb="0"/><line nr="58" mi="0" ci="1" mb="0" cb="0"/><line nr="60" mi="0" ci="2" mb="0" cb="0"/><line nr="61" mi="0" ci="3" mb="0" cb="0"/><line nr="62" mi="0" ci="4" mb="0" cb="0"/><line nr="63" mi="0" ci="3" mb="0" cb="0"/><line nr="64" mi="0" ci="2" mb="0" cb="0"/><line nr="67" mi="0" ci="5" mb="0" cb="0"/><line nr="68" mi="0" ci="1" mb="0" cb="0"/><line nr="70" mi="0" ci="1" mb="0" cb="0"/><line nr="80" mi="0" ci="3" mb="1" cb="1"/><line nr="81" mi="2" ci="0" mb="0" cb="0"/><line nr="84" mi="0" ci="4" mb="0" cb="0"/><line nr="85" mi="0" ci="3" mb="0" cb="0"/><line nr="86" mi="0" ci="3" mb="0" cb="0"/><line nr="87" mi="0" ci="3" mb="0" cb="0"/><line nr="88" mi="0" ci="3" mb="0" cb="0"/><line nr="89" mi="0" ci="3" mb="0" cb="0"/><line nr="90" mi="0" ci="3" mb="0" cb="0"/><line nr="91" mi="0" ci="3" mb="0" cb="0"/><line nr="93" mi="0" ci="4" mb="0" cb="0"/><line nr="94" mi="0" ci="3" mb="0" cb="0"/><line nr="96" mi="0" ci="1" mb="0" cb="0"/><line nr="97" mi="0" ci="22" mb="0" cb="0"/><line nr="98" mi="0" ci="2" mb="0" cb="0"/><line nr="99" mi="0" ci="1" mb="0" cb="0"/><line nr="101" mi="0" ci="2" mb="0" cb="0"/><line nr="105" mi="0" ci="10" mb="0" cb="2"/><line nr="106" mi="0" ci="4" mb="0" cb="0"/><line nr="107" mi="0" ci="3" mb="0" cb="0"/><line nr="109" mi="0" ci="2" mb="0" cb="0"/><line nr="110" mi="0" ci="2" mb="0" cb="0"/><line nr="111" mi="0" ci="1" mb="0" cb="0"/><line nr="113" mi="0" ci="1" mb="0" cb="0"/><line nr="116" mi="0" ci="4" mb="0" cb="0"/><line nr="118" mi="0" ci="3" mb="0" cb="0"/><line nr="119" mi="0" ci="3" mb="0" cb="2"/><line nr="120" mi="0" ci="4" mb="0" cb="0"/><line nr="122" mi="0" ci="2" mb="0" cb="0"/><line nr="123" mi="0" ci="10" mb="1" cb="1"/><line nr="124" mi="0" ci="6" mb="0" cb="2"/><line nr="125" mi="0" ci="2" mb="0" cb="0"/><line nr="126" mi="0" ci="1" mb="0" cb="0"/><line nr="128" mi="0" ci="1" mb="0" cb="0"/><line nr="130" mi="3" ci="2" mb="3" cb="1"/><line nr="131" mi="3" ci="0" mb="0" cb="0"/><line nr="132" mi="5" ci="0" mb="0" cb="0"/><line nr="134" mi="0" ci="1" mb="0" cb="0"/><line nr="135" mi="0" ci="1" mb="0" cb="0"/><line nr="139" mi="0" ci="3" mb="0" cb="2"/><line nr="140" mi="0" ci="2" mb="0" cb="0"/><line nr="143" mi="0" ci="5" mb="2" cb="2"/><line nr="144" mi="2" ci="0" mb="0" cb="0"/><line nr="147" mi="0" ci="6" mb="0" cb="0"/><line nr="149" mi="0" ci="2" mb="0" cb="2"/><line nr="150" mi="0" ci="5" mb="0" cb="0"/><line nr="151" mi="0" ci="7" mb="0" cb="0"/><line nr="152" mi="2" ci="4" mb="1" cb="1"/><line nr="155" mi="0" ci="14" mb="0" cb="0"/><line nr="157" mi="0" ci="8" mb="0" cb="0"/><line nr="161" mi="0" ci="12" mb="0" cb="2"/><line nr="162" mi="0" ci="7" mb="0" cb="0"/><line nr="163" mi="0" ci="1" mb="0" cb="0"/><line nr="164" mi="0" ci="1" mb="0" cb="0"/><line nr="167" mi="0" ci="5" mb="0" cb="2"/><line nr="168" mi="0" ci="2" mb="0" cb="0"/><line nr="170" mi="0" ci="8" mb="1" cb="1"/><line nr="171" mi="2" ci="0" mb="0" cb="0"/><line nr="174" mi="0" ci="10" mb="0" cb="0"/><line nr="178" mi="0" ci="4" mb="0" cb="0"/><line nr="180" mi="0" ci="5" mb="0" cb="0"/><line nr="181" mi="0" ci="3" mb="0" cb="2"/><line nr="182" mi="0" ci="4" mb="0" cb="0"/><line nr="184" mi="0" ci="5" mb="0" cb="0"/><line nr="186" mi="0" ci="3" mb="0" cb="2"/><line nr="187" mi="0" ci="4" mb="0" cb="0"/><line nr="189" mi="0" ci="5" mb="1" cb="1"/><line nr="190" mi="0" ci="4" mb="0" cb="0"/><line nr="192" mi="0" ci="1" mb="0" cb="0"/><line nr="193" mi="0" ci="1" mb="0" cb="0"/><line nr="195" mi="0" ci="2" mb="0" cb="0"/><line nr="199" mi="0" ci="5" mb="0" cb="2"/><line nr="200" mi="0" ci="2" mb="0" cb="0"/><line nr="202" mi="0" ci="8" mb="1" cb="1"/><line nr="203" mi="2" ci="0" mb="0" cb="0"/><line nr="206" mi="0" ci="8" mb="0" cb="0"/><line nr="210" mi="0" ci="3" mb="0" cb="0"/><line nr="215" mi="4" ci="0" mb="0" cb="0"/><line nr="220" mi="0" ci="3" mb="0" cb="2"/><line nr="221" mi="0" ci="4" mb="0" cb="0"/><line nr="222" mi="0" ci="2" mb="0" cb="0"/><line nr="225" mi="0" ci="3" mb="0" cb="0"/><line nr="230" mi="0" ci="5" mb="0" cb="0"/><line nr="231" mi="0" ci="5" mb="2" cb="2"/><line nr="232" mi="0" ci="2" mb="0" cb="0"/><line nr="233" mi="0" ci="12" mb="0" cb="2"/><line nr="234" mi="0" ci="6" mb="0" cb="0"/><line nr="235" mi="0" ci="2" mb="1" cb="1"/><line nr="236" mi="1" ci="0" mb="0" cb="0"/><line nr="239" mi="0" ci="12" mb="0" cb="2"/><line nr="241" mi="0" ci="6" mb="0" cb="0"/><line nr="243" mi="0" ci="2" mb="1" cb="1"/><line nr="244" mi="1" ci="0" mb="0" cb="0"/><line nr="248" mi="0" ci="4" mb="0" cb="0"/><line nr="249" mi="0" ci="5" mb="0" cb="0"/><line nr="251" mi="1" ci="0" mb="0" cb="0"/><line nr="252" mi="11" ci="0" mb="0" cb="0"/><line nr="253" mi="0" ci="1" mb="0" cb="0"/><line nr="257" mi="0" ci="6" mb="1" cb="1"/><line nr="258" mi="2" ci="0" mb="0" cb="0"/><line nr="259" mi="7" ci="0" mb="0" cb="0"/><line nr="260" mi="1" ci="0" mb="0" cb="0"/><line nr="263" mi="0" ci="4" mb="0" cb="0"/><line nr="265" mi="0" ci="5" mb="1" cb="1"/><line nr="267" mi="0" ci="4" mb="0" cb="0"/><line nr="268" mi="0" ci="4" mb="0" cb="0"/><line nr="269" mi="1" ci="6" mb="1" cb="1"/><line nr="272" mi="0" ci="1" mb="0" cb="0"/><line nr="273" mi="0" ci="1" mb="0" cb="0"/><line nr="275" mi="0" ci="2" mb="1" cb="1"/><line nr="276" mi="0" ci="4" mb="0" cb="0"/><line nr="279" mi="0" ci="1" mb="0" cb="0"/><line nr="285" mi="0" ci="2" mb="0" cb="0"/><line nr="287" mi="0" ci="4" mb="0" cb="0"/><line nr="291" mi="0" ci="5" mb="0" cb="0"/><line nr="292" mi="0" ci="3" mb="0" cb="2"/><line nr="293" mi="0" ci="4" mb="0" cb="0"/><line nr="295" mi="0" ci="1" mb="0" cb="0"/><line nr="296" mi="0" ci="6" mb="0" cb="0"/><line nr="298" mi="0" ci="3" mb="0" cb="2"/><line nr="299" mi="0" ci="4" mb="0" cb="0"/><line nr="301" mi="0" ci="4" mb="0" cb="0"/><line nr="302" mi="4" ci="9" mb="1" cb="3"/><line nr="303" mi="0" ci="5" mb="0" cb="0"/><line nr="304" mi="0" ci="2" mb="0" cb="0"/><line nr="306" mi="0" ci="1" mb="0" cb="0"/><line nr="308" mi="0" ci="6" mb="0" cb="2"/><line nr="309" mi="0" ci="5" mb="0" cb="0"/><line nr="310" mi="0" ci="2" mb="0" cb="0"/><line nr="312" mi="0" ci="1" mb="0" cb="0"/><line nr="313" mi="0" ci="1" mb="0" cb="0"/><line nr="316" mi="0" ci="3" mb="0" cb="0"/><line nr="320" mi="0" ci="3" mb="0" cb="0"/><line nr="321" mi="0" ci="1" mb="0" cb="0"/><line nr="325" mi="0" ci="10" mb="0" cb="0"/><line nr="330" mi="0" ci="2" mb="0" cb="0"/><line nr="331" mi="0" ci="1" mb="0" cb="0"/><line nr="333" mi="0" ci="2" mb="0" cb="0"/><line nr="334" mi="0" ci="3" mb="0" cb="0"/><line nr="335" mi="0" ci="1" mb="0" cb="0"/><line nr="338" mi="0" ci="5" mb="1" cb="1"/><line nr="339" mi="1" ci="0" mb="0" cb="0"/><line nr="342" mi="0" ci="6" mb="0" cb="0"/><line nr="344" mi="0" ci="5" mb="2" cb="2"/><line nr="345" mi="1" ci="0" mb="0" cb="0"/><line nr="348" mi="0" ci="2" mb="0" cb="0"/><line nr="350" mi="0" ci="6" mb="0" cb="0"/><line nr="352" mi="0" ci="3" mb="0" cb="0"/><line nr="353" mi="0" ci="1" mb="0" cb="0"/><line nr="357" mi="0" ci="6" mb="0" cb="0"/><line nr="359" mi="0" ci="2" mb="0" cb="2"/><line nr="360" mi="0" ci="8" mb="0" cb="0"/><line nr="361" mi="0" ci="2" mb="1" cb="1"/><line nr="362" mi="2" ci="0" mb="0" cb="0"/><line nr="364" mi="0" ci="3" mb="0" cb="0"/><line nr="366" mi="0" ci="7" mb="0" cb="0"/><line nr="367" mi="0" ci="2" mb="1" cb="1"/><line nr="368" mi="0" ci="4" mb="0" cb="0"/><line nr="369" mi="0" ci="2" mb="0" cb="0"/><line nr="371" mi="5" ci="0" mb="2" cb="0"/><line nr="372" mi="10" ci="0" mb="4" cb="0"/><line nr="373" mi="17" ci="0" mb="0" cb="0"/><line nr="375" mi="11" ci="0" mb="0" cb="0"/><line nr="376" mi="15" ci="0" mb="0" cb="0"/><line nr="379" mi="8" ci="0" mb="4" cb="0"/><line nr="380" mi="3" ci="0" mb="0" cb="0"/><line nr="381" mi="2" ci="0" mb="0" cb="0"/><line nr="384" mi="2" ci="0" mb="0" cb="0"/><line nr="386" mi="6" ci="0" mb="0" cb="0"/><line nr="387" mi="5" ci="0" mb="0" cb="0"/><line nr="388" mi="2" ci="0" mb="0" cb="0"/><line nr="392" mi="0" ci="5" mb="0" cb="2"/><line nr="393" mi="0" ci="10" mb="1" cb="3"/><line nr="394" mi="0" ci="17" mb="0" cb="0"/><line nr="396" mi="0" ci="11" mb="0" cb="0"/><line nr="397" mi="0" ci="15" mb="0" cb="0"/><line nr="400" mi="0" ci="8" mb="1" cb="3"/><line nr="401" mi="0" ci="3" mb="0" cb="0"/><line nr="402" mi="0" ci="2" mb="0" cb="0"/><line nr="405" mi="0" ci="2" mb="0" cb="0"/><line nr="408" mi="6" ci="8" mb="3" cb="1"/><line nr="409" mi="2" ci="3" mb="3" cb="1"/><line nr="410" mi="2" ci="0" mb="0" cb="0"/><line nr="412" mi="0" ci="8" mb="2" cb="2"/><line nr="413" mi="2" ci="0" mb="0" cb="0"/><line nr="417" mi="0" ci="2" mb="1" cb="1"/><line nr="418" mi="0" ci="8" mb="0" cb="0"/><line nr="419" mi="0" ci="2" mb="0" cb="2"/><line nr="421" mi="0" ci="5" mb="0" cb="0"/><line nr="422" mi="0" ci="2" mb="0" cb="0"/><line nr="424" mi="0" ci="3" mb="0" cb="0"/><line nr="426" mi="0" ci="6" mb="0" cb="0"/><line nr="428" mi="0" ci="16" mb="0" cb="0"/><line nr="429
[...]
/><line nr="420" mi="0" ci="4" mb="1" cb="1"/><line nr="421" mi="0" ci="5" mb="1" cb="1"/><line nr="422" mi="10" ci="0" mb="4" cb="0"/><line nr="423" mi="6" ci="0" mb="0" cb="0"/><line nr="424" mi="4" ci="0" mb="0" cb="0"/><line nr="426" mi="4" ci="0" mb="0" cb="0"/><line nr="429" mi="0" ci="17" mb="0" cb="0"/><line nr="433" mi="3" ci="0" mb="0" cb="0"/><line nr="434" mi="1" ci="0" mb="0" cb="0"/><line nr="435" mi="4" ci="0" mb="0" cb="0"/><line nr="436" mi="1" ci="0" mb="0" cb="0"/><line nr="437" mi="1" ci="0" mb="0" cb="0"/><line nr="442" mi="0" ci="3" mb="1" cb="1"/><line nr="445" mi="0" ci="23" mb="0" cb="0"/><line nr="451" mi="0" ci="5" mb="0" cb="0"/><line nr="452" mi="0" ci="4" mb="0" cb="0"/><line nr="456" mi="4" ci="0" mb="2" cb="0"/><line nr="457" mi="3" ci="0" mb="0" cb="0"/><line nr="458" mi="2" ci="0" mb="0" cb="0"/><line nr="460" mi="4" ci="0" mb="2" cb="0"/><line nr="461" mi="3" ci="0" mb="0" cb="0"/><line nr="463" mi="4" ci="0" mb="2" cb="0"/><line nr="464" mi="3" ci="0" mb="0" cb="0"/><line nr="466" mi="6" ci="0" mb="4" cb="0"/><line nr="467" mi="3" ci="0" mb="0" cb="0"/><line nr="468" mi="6" ci="0" mb="0" cb="0"/><line nr="469" mi="2" ci="0" mb="0" cb="0"/><line nr="471" mi="1" ci="0" mb="0" cb="0"/><line nr="474" mi="5" ci="0" mb="0" cb="0"/><line nr="475" mi="5" ci="0" mb="0" cb="0"/><line nr="476" mi="1" ci="0" mb="0" cb="0"/><line nr="478" mi="1" ci="0" mb="0" cb="0"/><line nr="479" mi="3" ci="0" mb="0" cb="0"/><line nr="480" mi="0" ci="1" mb="0" cb="0"/><line nr="482" mi="0" ci="2" mb="0" cb="0"/><line nr="483" mi="0" ci="2" mb="0" cb="0"/><line nr="484" mi="0" ci="2" mb="0" cb="0"/><line nr="486" mi="0" ci="2" mb="0" cb="0"/><line nr="490" mi="0" ci="6" mb="0" cb="0"/><line nr="491" mi="0" ci="4" mb="1" cb="1"/><line nr="492" mi="11" ci="0" mb="0" cb="0"/><line nr="493" mi="5" ci="0" mb="0" cb="0"/><line nr="495" mi="0" ci="6" mb="0" cb="0"/><line nr="496" mi="0" ci="4" mb="1" cb="1"/><line nr="497" mi="5" ci="0" mb="0" cb="0"/><line nr="498" mi="5" ci="0" mb="0" cb="0"/><line nr="500" mi="0" ci="4" mb="0" cb="0"/><line nr="501" mi="0" ci="6" mb="0" cb="0"/><line nr="502" mi="0" ci="1" mb="0" cb="0"/><line nr="505" mi="0" ci="4" mb="1" cb="1"/><line nr="506" mi="0" ci="3" mb="0" cb="0"/><line nr="507" mi="0" ci="1" mb="0" cb="0"/><line nr="510" mi="4" ci="0" mb="0" cb="0"/><line nr="511" mi="5" ci="0" mb="4" cb="0"/><line nr="512" mi="3" ci="0" mb="0" cb="0"/><line nr="513" mi="1" ci="0" mb="0" cb="0"/><line nr="516" mi="10" ci="0" mb="2" cb="0"/><line nr="517" mi="2" ci="0" mb="0" cb="0"/><line nr="518" mi="7" ci="0" mb="0" cb="0"/><line nr="519" mi="16" ci="0" mb="0" cb="0"/><line nr="524" mi="8" ci="0" mb="0" cb="0"/><line nr="525" mi="1" ci="0" mb="0" cb="0"/><line nr="529" mi="1" ci="0" mb="0" cb="0"/><line nr="531" mi="1" ci="0" mb="0" cb="0"/><line nr="532" mi="1" ci="0" mb="0" cb="0"/><line nr="537" mi="0" ci="4" mb="0" cb="0"/><line nr="538" mi="0" ci="5" mb="2" cb="2"/><line nr="539" mi="0" ci="1" mb="0" cb="0"/><line nr="541" mi="10" ci="0" mb="2" cb="0"/><line nr="542" mi="3" ci="0" mb="0" cb="0"/><line nr="543" mi="1" ci="0" mb="0" cb="0"/><line nr="544" mi="1" ci="0" mb="0" cb="0"/><line nr="550" mi="0" ci="5" mb="0" cb="0"/><line nr="551" mi="0" ci="4" mb="0" cb="0"/><line nr="552" mi="0" ci="4" mb="0" cb="0"/><line nr="554" mi="0" ci="7" mb="0" cb="0"/><line nr="555" mi="0" ci="7" mb="0" cb="0"/><line nr="556" mi="0" ci="7" mb="0" cb="0"/><line nr="557" mi="0" ci="7" mb="0" cb="0"/><line nr="558" mi="0" ci="7" mb="0" cb="0"/><line nr="559" mi="0" ci="7" mb="0" cb="0"/><line nr="560" mi="0" ci="7" mb="0" cb="0"/><line nr="561" mi="0" ci="7" mb="0" cb="0"/><line nr="565" mi="0" ci="8" mb="0" cb="0"/><line nr="566" mi="0" ci="5" mb="0" cb="0"/><line nr="571" mi="0" ci="5" mb="0" cb="0"/><line nr="572" mi="0" ci="4" mb="0" cb="0"/><line nr="574" mi="0" ci="7" mb="0" cb="0"/><line nr="575" mi="0" ci="7" mb="0" cb="0"/><line nr="576" mi="0" ci="7" mb="0" cb="0"/><line nr="577" mi="0" ci="7" mb="0" cb="0"/><line nr="582" mi="0" ci="5" mb="0" cb="0"/><line nr="583" mi="0" ci="7" mb="0" cb="0"/><line nr="584" mi="0" ci="7" mb="0" cb="0"/><line nr="586" mi="0" ci="7" mb="0" cb="0"/><line nr="587" mi="0" ci="7" mb="0" cb="0"/><line nr="592" mi="0" ci="5" mb="0" cb="0"/><line nr="593" mi="0" ci="7" mb="0" cb="0"/><line nr="594" mi="0" ci="7" mb="0" cb="0"/><line nr="595" mi="0" ci="7" mb="0" cb="0"/><line nr="597" mi="0" ci="7" mb="0" cb="0"/><line nr="598" mi="0" ci="7" mb="0" cb="0"/><line nr="599" mi="0" ci="7" mb="0" cb="0"/><line nr="604" mi="0" ci="5" mb="0" cb="0"/><line nr="605" mi="0" ci="7" mb="0" cb="0"/><line nr="606" mi="0" ci="7" mb="0" cb="0"/><line nr="607" mi="0" ci="7" mb="0" cb="0"/><line nr="609" mi="0" ci="7" mb="0" cb="0"/><line nr="610" mi="0" ci="7" mb="0" cb="0"/><line nr="611" mi="0" ci="7" mb="0" cb="0"/><line nr="616" mi="0" ci="10" mb="0" cb="0"/><line nr="617" mi="0" ci="10" mb="0" cb="0"/><line nr="622" mi="0" ci="5" mb="0" cb="0"/><line nr="623" mi="0" ci="6" mb="0" cb="0"/><line nr="624" mi="0" ci="6" mb="0" cb="0"/><line nr="625" mi="0" ci="1" mb="0" cb="0"/><line nr="628" mi="3" ci="0" mb="0" cb="0"/><line nr="632" mi="3" ci="0" mb="0" cb="0"/><line nr="633" mi="1" ci="0" mb="0" cb="0"/><line nr="636" mi="4" ci="0" mb="2" cb="0"/><line nr="637" mi="7" ci="0" mb="0" cb="0"/><line nr="638" mi="3" ci="0" mb="2" cb="0"/><line nr="639" mi="4" ci="0" mb="0" cb="0"/><line nr="640" mi="6" ci="0" mb="0" cb="0"/><line nr="641" mi="6" ci="0" mb="2" cb="0"/><line nr="642" mi="7" ci="0" mb="0" cb="0"/><line nr="643" mi="4" ci="0" mb="0" cb="0"/><line nr="644" mi="6" ci="0" mb="0" cb="0"/><line nr="645" mi="4" ci="0" mb="0" cb="0"/><line nr="647" mi="1" ci="0" mb="0" cb="0"/><line nr="649" mi="1" ci="0" mb="0" cb="0"/><line nr="652" mi="2" ci="0" mb="0" cb="0"/><line nr="653" mi="4" ci="0" mb="0" cb="0"/><line nr="654" mi="2" ci="0" mb="2" cb="0"/><line nr="655" mi="3" ci="0" mb="0" cb="0"/><line nr="656" mi="11" ci="0" mb="2" cb="0"/><line nr="659" mi="4" ci="0" mb="2" cb="0"/><line nr="660" mi="2" ci="0" mb="0" cb="0"/><line nr="663" mi="2" ci="0" mb="0" cb="0"/><line nr="667" mi="5" ci="0" mb="0" cb="0"/><line nr="671" mi="5" ci="0" mb="0" cb="0"/><line nr="675" mi="5" ci="0" mb="0" cb="0"/><line nr="679" mi="5" ci="0" mb="0" cb="0"/><line nr="683" mi="10" ci="0" mb="0" cb="0"/><line nr="684" mi="10" ci="0" mb="0" cb="0"/><line nr="685" mi="10" ci="0" mb="0" cb="0"/><line nr="686" mi="10" ci="0" mb="0" cb="0"/><line nr="687" mi="1" ci="0" mb="0" cb="0"/><line nr="690" mi="0" ci="3" mb="0" cb="0"/><line nr="694" mi="0" ci="3" mb="0" cb="0"/><line nr="695" mi="0" ci="1" mb="0" cb="0"/><line nr="698" mi="4" ci="0" mb="0" cb="0"/><line nr="701" mi="5" ci="0" mb="0" cb="0"/><line nr="702" mi="1" ci="0" mb="0" cb="0"/><line nr="705" mi="0" ci="3" mb="0" cb="0"/><line nr="709" mi="0" ci="3" mb="0" cb="0"/><line nr="713" mi="0" ci="3" mb="0" cb="0"/><line nr="717" mi="0" ci="3" mb="0" cb="0"/><line nr="721" mi="0" ci="3" mb="0" cb="0"/><line nr="725" mi="0" ci="3" mb="0" cb="0"/><line nr="729" mi="3" ci="0" mb="0" cb="0"/><line nr="730" mi="1" ci="0" mb="0" cb="0"/><line nr="733" mi="3" ci="0" mb="0" cb="0"/><line nr="737" mi="3" ci="0" mb="0" cb="0"/><line nr="741" mi="0" ci="3" mb="0" cb="0"/><line nr="745" mi="0" ci="3" mb="1" cb="1"/><line nr="746" mi="0" ci="3" mb="0" cb="0"/><line nr="749" mi="0" ci="3" mb="1" cb="1"/><line nr="750" mi="0" ci="3" mb="0" cb="0"/><line nr="753" mi="0" ci="3" mb="1" cb="1"/><line nr="754" mi="0" ci="3" mb="0" cb="0"/><line nr="757" mi="0" ci="3" mb="1" cb="1"/><line nr="758" mi="0" ci="3" mb="0" cb="0"/><line nr="761" mi="0" ci="3" mb="1" cb="1"/><line nr="762" mi="0" ci="3" mb="0" cb="0"/><line nr="765" mi="0" ci="3" mb="1" cb="1"/><line nr="766" mi="0" ci="3" mb="0" cb="0"/><line nr="769" mi="0" ci="3" mb="1" cb="1"/><line nr="770" mi="0" ci="3" mb="0" cb="0"/><line nr="773" mi="0" ci="3" mb="0" cb="0"/><line nr="775" mi="0" ci="6" mb="0" cb="0"/><line nr="776" mi="1" ci="0" mb="0" cb="0"/><line nr="777" mi="0" ci="1" mb="0" cb="0"/><line nr="779" mi="0" ci="2" mb="0" cb="0"/><line nr="781" mi="0" ci="3" mb="1" cb="1"/><line nr="782" mi="0" ci="3" mb="0" cb="0"/><line nr="785" mi="0" ci="3" mb="1" cb="1"/><line nr="786" mi="0" ci="3" mb="0" cb="0"/><line nr="789" mi="0" ci="3" mb="1" cb="1"/><line nr="790" mi="0" ci="3" mb="0" cb="0"/><line nr="793" mi="0" ci="3" mb="1" cb="1"/><line nr="794" mi="0" ci="3" mb="0" cb="0"/><line nr="797" mi="0" ci="3" mb="1" cb="1"/><line nr="798" mi="0" ci="3" mb="0" cb="0"/><line nr="801" mi="0" ci="3" mb="0" cb="0"/><line nr="803" mi="0" ci="3" mb="1" cb="1"/><line nr="804" mi="0" ci="3" mb="0" cb="0"/><line nr="807" mi="0" ci="3" mb="1" cb="1"/><line nr="808" mi="0" ci="3" mb="0" cb="0"/><line nr="811" mi="0" ci="3" mb="1" cb="1"/><line nr="812" mi="0" ci="3" mb="0" cb="0"/><line nr="815" mi="0" ci="3" mb="1" cb="1"/><line nr="816" mi="0" ci="3" mb="0" cb="0"/><line nr="819" mi="0" ci="3" mb="1" cb="1"/><line nr="820" mi="0" ci="3" mb="0" cb="0"/><line nr="823" mi="0" ci="3" mb="1" cb="1"/><line nr="824" mi="0" ci="3" mb="0" cb="0"/><line nr="827" mi="0" ci="3" mb="1" cb="1"/><line nr="828" mi="0" ci="3" mb="0" cb="0"/><line nr="830" mi="0" ci="3" mb="1" cb="1"/><line nr="831" mi="0" ci="4" mb="0" cb="0"/><line nr="834" mi="0" ci="3" mb="1" cb="1"/><line nr="835" mi="0" ci="3" mb="0" cb="0"/><line nr="837" mi="0" ci="1" mb="0" cb="0"/><line nr="840" mi="0" ci="5" mb="0" cb="0"/><line nr="841" mi="0" ci="2" mb="0" cb="0"/><line nr="842" mi="0" ci="3" mb="0" cb="0"/><line nr="843" mi="0" ci="3" mb="0" cb="0"/><line nr="844" mi="0" ci="1" mb="0" cb="0"/><line nr="845" mi="0" ci="1" mb="0" cb="0"/><line nr="848" mi="0" ci="15" mb="0" cb="0"/><line nr="852" mi="0" ci="3" mb="1" cb="1"/><line nr="853" mi="0" ci="3" mb="0" cb="0"/><line nr="856" mi="0" ci="3" mb="1" cb="1"/><line nr="857" mi="0" ci="3" mb="0" cb="0"/><line nr="860" mi="0" ci="3" mb="1" cb="1"/><line nr="861" mi="0" ci="3" mb="0" cb="0"/><line nr="864" mi="0" ci="3" mb="1" cb="1"/><line nr="865" mi="0" ci="3" mb="0" cb="0"/><line nr="868" mi="0" ci="3" mb="1" cb="1"/><line nr="869" mi="0" ci="3" mb="0" cb="0"/><line nr="872" mi="0" ci="3" mb="1" cb="1"/><line nr="873" mi="0" ci="3" mb="0" cb="0"/><line nr="876" mi="0" ci="3" mb="1" cb="1"/><line nr="877" mi="0" ci="3" mb="0" cb="0"/><line nr="880" mi="0" ci="3" mb="1" cb="1"/><line nr="881" mi="0" ci="3" mb="0" cb="0"/><line nr="884" mi="0" ci="4" mb="1" cb="1"/><line nr="885" mi="0" ci="5" mb="0" cb="0"/><line nr="886" mi="0" ci="5" mb="0" cb="0"/><line nr="887" mi="0" ci="5" mb="0" cb="0"/><line nr="890" mi="0" ci="18" mb="0" cb="0"/><line nr="895" mi="9" ci="0" mb="0" cb="0"/><line nr="896" mi="1" ci="0" mb="0" cb="0"/><line nr="897" mi="4" ci="0" mb="0" cb="0"/><line nr="898" mi="1" ci="0" mb="0" cb="0"/><line nr="899" mi="1" ci="0" mb="0" cb="0"/><line nr="900" mi="0" ci="6" mb="0" cb="0"/><line nr="902" mi="0" ci="3" mb="1" cb="1"/><line nr="903" mi="0" ci="3" mb="0" cb="0"/><line nr="906" mi="0" ci="3" mb="1" cb="1"/><line nr="907" mi="0" ci="3" mb="0" cb="0"/><line nr="911" mi="0" ci="1" mb="0" cb="0"/><line nr="914" mi="0" ci="2" mb="0" cb="0"/><line nr="915" mi="0" ci="6" mb="1" cb="1"/><line nr="916" mi="0" ci="4" mb="1" cb="1"/><line nr="917" mi="3" ci="0" mb="0" cb="0"/><line nr="918" mi="7" ci="0" mb="0" cb="0"/><line nr="919" mi="3" ci="0" mb="0" cb="0"/><line nr="922" mi="0" ci="4" mb="0" cb="0"/><line nr="923" mi="0" ci="6" mb="0" cb="0"/><line nr="924" mi="0" ci="4" mb="0" cb="0"/><line nr="925" mi="0" ci="3" mb="0" cb="0"/><line nr="926" mi="0" ci="3" mb="0" cb="0"/><line nr="928" mi="0" ci="5" mb="0" cb="0"/><line nr="929" mi="0" ci="1" mb="0" cb="0"/><line nr="932" mi="0" ci="4" mb="0" cb="0"/><line nr="934" mi="0" ci="6" mb="1" cb="1"/><line nr="935" mi="0" ci="4" mb="1" cb="1"/><line nr="936" mi="4" ci="0" mb="0" cb="0"/><line nr="937" mi="12" ci="0" mb="2" cb="0"/><line nr="938" mi="3" ci="0" mb="0" cb="0"/><line nr="939" mi="7" ci="0" mb="0" cb="0"/><line nr="940" mi="3" ci="0" mb="0" cb="0"/><line nr="941" mi="6" ci="0" mb="0" cb="0"/><line nr="942" mi="1" ci="0" mb="0" cb="0"/><line nr="943" mi="3" ci="0" mb="0" cb="0"/><line nr="946" mi="7" ci="2" mb="3" cb="1"/><line nr="947" mi="3" ci="0" mb="0" cb="0"/><line nr="948" mi="3" ci="0" mb="0" cb="0"/><line nr="949" mi="3" ci="0" mb="0" cb="0"/><line nr="950" mi="1" ci="0" mb="0" cb="0"/><line nr="951" mi="0" ci="5" mb="0" cb="0"/><line nr="953" mi="0" ci="1" mb="0" cb="0"/><line nr="957" mi="0" ci="6" mb="0" cb="0"/><line nr="958" mi="0" ci="2" mb="0" cb="0"/><line nr="959" mi="0" ci="3" mb="0" cb="0"/><line nr="960" mi="0" ci="3" mb="0" cb="0"/><line nr="961" mi="0" ci="2" mb="0" cb="0"/><line nr="962" mi="0" ci="4" mb="0" cb="0"/><line nr="964" mi="0" ci="4" mb="0" cb="0"/><line nr="966" mi="0" ci="3" mb="0" cb="0"/><line nr="967" mi="0" ci="1" mb="0" cb="0"/><line nr="969" mi="0" ci="3" mb="1" cb="1"/><line nr="970" mi="5" ci="0" mb="0" cb="0"/><line nr="971" mi="2" ci="0" mb="2" cb="0"/><line nr="972" mi="6" ci="0" mb="4" cb="0"/><line nr="973" mi="5" ci="0" mb="0" cb="0"/><line nr="976" mi="5" ci="0" mb="0" cb="0"/><line nr="978" mi="2" ci="0" mb="2" cb="0"/><line nr="979" mi="5" ci="0" mb="0" cb="0"/><line nr="983" mi="0" ci="1" mb="0" cb="0"/><line nr="991" mi="4" ci="0" mb="0" cb="0"/><line nr="992" mi="10" ci="0" mb="0" cb="0"/><line nr="993" mi="2" ci="0" mb="0" cb="0"/><line nr="994" mi="10" ci="0" mb="2" cb="0"/><line nr="995" mi="3" ci="0" mb="2" cb="0"/><line nr="996" mi="2" ci="0" mb="0" cb="0"/><line nr="997" mi="1" ci="0" mb="0" cb="0"/><line nr="999" mi="1" ci="0" mb="0" cb="0"/><line nr="1000" mi="2" ci="0" mb="0" cb="0"/><line nr="1004" mi="0" ci="3" mb="0" cb="0"/><line nr="1008" mi="3" ci="0" mb="0" cb="0"/><line nr="1009" mi="1" ci="0" mb="0" cb="0"/><line nr="1012" mi="0" ci="15" mb="0" cb="0"/><line nr="1016" mi="3" ci="0" mb="0" cb="0"/><line nr="1020" mi="3" ci="0" mb="0" cb="0"/><line nr="1024" mi="3" ci="0" mb="0" cb="0"/><line nr="1028" mi="3" ci="0" mb="0" cb="0"/><line nr="1029" mi="1" ci="0" mb="0" cb="0"/><line nr="1032" mi="0" ci="3" mb="0" cb="0"/><line nr="1036" mi="3" ci="0" mb="0" cb="0"/><line nr="1040" mi="0" ci="3" mb="0" cb="0"/><line nr="1044" mi="3" ci="0" mb="0" cb="0"/><line nr="1048" mi="5" ci="0" mb="0" cb="0"/><line nr="1049" mi="5" ci="0" mb="0" cb="0"/><line nr="1050" mi="1" ci="0" mb="0" cb="0"/><line nr="1053" mi="3" ci="0" mb="0" cb="0"/><line nr="1057" mi="5" ci="0" mb="0" cb="0"/><line nr="1058" mi="5" ci="0" mb="0" cb="0"/><line nr="1059" mi="1" ci="0" mb="0" cb="0"/><line nr="1062" mi="4" ci="0" mb="0" cb="0"/><line nr="1063" mi="4" ci="0" mb="0" cb="0"/><line nr="1064" mi="1" ci="0" mb="0" cb="0"/><line nr="1067" mi="3" ci="0" mb="0" cb="0"/><line nr="1071" mi="3" ci="0" mb="0" cb="0"/><line nr="1072" mi="1" ci="0" mb="0" cb="0"/><line nr="1075" mi="4" ci="0" mb="0" cb="0"/><line nr="1076" mi="1" ci="0" mb="0" cb="0"/><line nr="1079" mi="3" ci="0" mb="0" cb="0"/><line nr="1083" mi="3" ci="0" mb="0" cb="0"/><line nr="1087" mi="0" ci="3" mb="0" cb="0"/><line nr="1088" mi="0" ci="1" mb="0" cb="0"/><line nr="1091" mi="3" ci="0" mb="0" cb="0"/><line nr="1095" mi="0" ci="3" mb="0" cb="0"/><line nr="1099" mi="3" ci="0" mb="0" cb="0"/><line nr="1104" mi="3" ci="0" mb="0" cb="0"/><line nr="1105" mi="1" ci="0" mb="0" cb="0"/><line nr="1108" mi="0" ci="3" mb="0" cb="0"/><line nr="1112" mi="0" ci="3" mb="0" cb="0"/><line nr="1113" mi="0" ci="1" mb="0" cb="0"/><line nr="1116" mi="0" ci="3" mb="0" cb="0"/><line nr="1121" mi="3" ci="0" mb="0" cb="0"/><line nr="1122" mi="1" ci="0" mb="0" cb="0"/><line nr="1126" mi="0" ci="3" mb="0" cb="0"/><line nr="1131" mi="3" ci="0" mb="0" cb="0"/><line nr="1135" mi="0" ci="3" mb="1" cb="1"/><line nr="1136" mi="4" ci="0" mb="2" cb="0"/><line nr="1137" mi="5" ci="0" mb="0" cb="0"/><line nr="1139" mi="4" ci="0" mb="0" cb="0"/><line nr="1140" mi="19" ci="0" mb="0" cb="0"/><line nr="1144" mi="4" ci="0" mb="0" cb="0"/><line nr="1146" mi="1" ci="0" mb="0" cb="0"/><line nr="1147" mi="4" ci="0" mb="0" cb="0"/><line nr="1148" mi="1" ci="0" mb="0" cb="0"/><line nr="1149" mi="1" ci="0" mb="0" cb="0"/><line nr="1153" mi="0" ci="4" mb="1" cb="1"/><line nr="1154" mi="5" ci="0" mb="0" cb="0"/><line nr="1156" mi="0" ci="4" mb="0" cb="0"/><line nr="1158" mi="0" ci="1" mb="0" cb="0"/><line nr="1161" mi="8" ci="0" mb="0" cb="0"/><line nr="1164" mi="9" ci="0" mb="2" cb="0"/><line nr="1165" mi="4" ci="0" mb="0" cb="0"/><line nr="1169" mi="4" ci="0" mb="0" cb="0"/><line nr="1170" mi="1" ci="0" mb="0" cb="0"/><line nr="1171" mi="4" ci="0" mb="0" cb="0"/><line nr="1172" mi="1" ci="0" mb="0" cb="0"/><line nr="1176" mi="2" ci="0" mb="0" cb="0"/><line nr="1177" mi="1" ci="0" mb="0" cb="0"/><line nr="1178" mi="4" ci="0" mb="0" cb="0"/><line nr="1179" mi="1" ci="0" mb="0" cb="0"/><line nr="1182" mi="3" ci="0" mb="0" cb="0"/><line nr="1185" mi="7" ci="0" mb="0" cb="0"/><line nr="1186" mi="1" ci="0" mb="0" cb="0"/><line nr="1188" mi="1" ci="0" mb="0" cb="0"/><line nr="1189" mi="8" ci="0" mb="0" cb="0"/><line nr="1190" mi="1" ci="0" mb="0" cb="0"/><line nr="1195" mi="3" ci="0" mb="2" cb="0"/><line nr="1196" mi="1" ci="0" mb="0" cb="0"/><line nr="1198" mi="6" ci="0" mb="0" cb="0"/><line nr="1201" mi="3" ci="0" mb="0" cb="0"/><line nr="1205" mi="4" ci="0" mb="0" cb="0"/><line nr="1206" mi="1" ci="0" mb="0" cb="0"/><line nr="1207" mi="4" ci="0" mb="0" cb="0"/><line nr="1208" mi="1" ci="0" mb="0" cb="0"/><line nr="1212" mi="3" ci="0" mb="0" cb="0"/><line nr="1213" mi="1" ci="0" mb="0" cb="0"/><line nr="1214" mi="4" ci="0" mb="0" cb="0"/><line nr="1215" mi="1" ci="0" mb="0" cb="0"/><line nr="1218" mi="4" ci="0" mb="0" cb="0"/><line nr="1219" mi="4" ci="0" mb="0" cb="0"/><line nr="1222" mi="7" ci="0" mb="0" cb="0"/><line nr="1223" mi="1" ci="0" mb="0" cb="0"/><line nr="1225" mi="1" ci="0" mb="0" cb="0"/><line nr="1226" mi="6" ci="0" mb="0" cb="0"/><line nr="1227" mi="1" ci="0" mb="0" cb="0"/><line nr="1230" mi="0" ci="3" mb="1" cb="1"/><line nr="1231" mi="0" ci="3" mb="1" cb="1"/><line nr="1232" mi="0" ci="3" mb="0" cb="0"/><line nr="1235" mi="0" ci="1" mb="0" cb="0"/><line nr="1238" mi="3" ci="0" mb="2" cb="0"/><line nr="1239" mi="4" ci="0" mb="0" cb="0"/><line nr="1241" mi="1" ci="0" mb="0" cb="0"/><line nr="1244" mi="3" ci="0" mb="0" cb="0"/><counter type="INSTRUCTION" missed="921" covered="1542"/><counter type="BRANCH" missed="121" covered="63"/><counter type="LINE" missed="250" covered="309"/><counter type="COMPLEXITY" missed="149" covered="47"/><counter type="METHOD" missed="57" covered="47"/><counter type="CLASS" missed="3" covered="10"/></sourcefile><sourcefile name="BrokerPathConfigHelper.java"><line nr="22" mi="3" ci="0" mb="0" cb="0"/><line nr="23" mi="0" ci="21" mb="0" cb="0"/><line nr="27" mi="0" ci="2" mb="0" cb="0"/><line nr="31" mi="2" ci="0" mb="0" cb="0"/><line nr="32" mi="1" ci="0" mb="0" cb="0"/><line nr="35" mi="0" ci="15" mb="0" cb="0"/><line nr="39" mi="0" ci="15" mb="0" cb="0"/><line nr="43" mi="0" ci="15" mb="0" cb="0"/><line nr="47" mi="0" ci="15" mb="0" cb="0"/><counter type="INSTRUCTION" missed="6" covered="83"/><counter type="LINE" missed="3" covered="6"/><counter type="COMPLEXITY" missed="2" covered="6"/><counter type="METHOD" missed="2" covered="6"/><counter type="CLASS" missed="0" covered="1"/></sourcefile><counter type="INSTRUCTION" missed="1450" covered="1653"/><counter type="BRANCH" missed="161" covered="64"/><counter type="LINE" missed="385" covered="324"/><counter type="COMPLEXITY" missed="180" covered="55"/><counter type="METHOD" missed="67" covered="55"/><counter type="CLASS" missed="4" covered="12"/></package><counter type="INSTRUCTION" missed="14821" covered="10748"/><counter type="BRANCH" missed="1422" covered="614"/><counter type="LINE" missed="3549" covered="2622"/><counter type="COMPLEXITY" missed="1381" covered="543"/><counter type="METHOD" missed="429" covered="431"/><counter type="CLASS" missed="23" covered="71"/></report>