GROUP,PACKAGE,CLASS,INSTRUCTION_MISSED,INSTRUCTION_COVERED,BRANCH_MISSED,BRANCH_COVERED,LINE_MISSED,LINE_COVERED,COMPLEXITY_MISSED,COMPLEXITY_COVERED,METHOD_MISSED,METHOD_COVERED
rocketmq-broker 4.8.0,org.apache.rocketmq.broker.plugin,MessageStoreFactory,65,12,4,2,10,3,4,1,1,1
rocketmq-broker 4.8.0,org.apache.rocketmq.broker.plugin,MessageStorePluginContext,9,18,0,0,3,7,3,2,3,2
rocketmq-broker 4.8.0,org.apache.rocketmq.broker.plugin,AbstractPluginMessageStore,235,0,0,0,56,0,45,0,45,0
rocketmq-broker 4.8.0,org.apache.rocketmq.broker.util,PositiveAtomicCounter,4,17,0,0,1,5,1,2,1,2
rocketmq-broker 4.8.0,org.apache.rocketmq.broker.util,ServiceProvider,114,172,13,13,34,50,12,10,1,8
rocketmq-broker 4.8.0,org.apache.rocketmq.broker.client.rebalance,RebalanceLockManager,485,23,40,0,93,5,24,2,4,2
rocketmq-broker 4.8.0,org.apache.rocketmq.broker.client.rebalance,RebalanceLockManager.LockEntry,47,0,6,0,12,0,10,0,7,0
rocketmq-broker 4.8.0,org.apache.rocketmq.broker.dledger,DLedgerRoleChangeHandler.new Runnable() {...},196,0,16,0,26,0,11,0,2,0
rocketmq-broker 4.8.0,org.apache.rocketmq.broker.dledger,DLedgerRoleChangeHandler,48,0,0,0,14,0,5,0,5,0
rocketmq-broker 4.8.0,org.apache.rocketmq.broker.filter,ConsumerFilterManager,54,527,20,52,14,133,20,34,1,17
rocketmq-broker 4.8.0,org.apache.rocketmq.broker.filter,ExpressionForRetryMessageFilter,144,0,30,0,34,0,17,0,2,0
rocketmq-broker 4.8.0,org.apache.rocketmq.broker.filter,CommitLogDispatcherCalcBitMap,48,152,4,16,5,36,4,9,0,3
rocketmq-broker 4.8.0,org.apache.rocketmq.broker.filter,ExpressionMessageFilter,84,207,26,28,20,45,24,7,0,4
rocketmq-broker 4.8.0,org.apache.rocketmq.broker.filter,ConsumerFilterManager.FilterDataMapByTopic,119,250,28,22,22,54,21,14,1,9
rocketmq-broker 4.8.0,org.apache.rocketmq.broker.filter,MessageEvaluationContext,38,14,5,1,8,5,4,2,1,2
rocketmq-broker 4.8.0,org.apache.rocketmq.broker.filter,ConsumerFilterData,1,110,1,5,0,37,1,27,0,25
rocketmq-broker 4.8.0,org.apache.rocketmq.broker.transaction.queue,TransactionalMessageServiceImpl,447,673,54,48,87,149,50,27,6,20
rocketmq-broker 4.8.0,org.apache.rocketmq.broker.transaction.queue,DefaultTransactionalMessageCheckListener,33,110,3,1,4,28,2,4,0,4
rocketmq-broker 4.8.0,org.apache.rocketmq.broker.transaction.queue,GetResult,0,17,0,0,0,7,0,5,0,5
rocketmq-broker 4.8.0,org.apache.rocketmq.broker.transaction.queue,TransactionalMessageUtil,3,10,0,0,1,4,1,4,1,4
rocketmq-broker 4.8.0,org.apache.rocketmq.broker.transaction.queue,TransactionalMessageBridge,136,622,21,22,27,148,20,27,1,23
rocketmq-broker 4.8.0,org.apache.rocketmq.broker.transaction,TransactionalMessageCheckService,0,66,0,2,0,18,0,6,0,5
rocketmq-broker 4.8.0,org.apache.rocketmq.broker.transaction,TransactionRecord,17,0,0,0,7,0,5,0,5,0
rocketmq-broker 4.8.0,org.apache.rocketmq.broker.transaction,AbstractTransactionalMessageCheckListener,24,104,1,1,6,24,3,6,2,6
rocketmq-broker 4.8.0,org.apache.rocketmq.broker.transaction,AbstractTransactionalMessageCheckListener.new Runnable() {...},5,16,0,0,2,4,0,2,0,2
rocketmq-broker 4.8.0,org.apache.rocketmq.broker.transaction,AbstractTransactionalMessageCheckListener.new ThreadFactory() {...},0,13,0,0,0,4,0,2,0,2
rocketmq-broker 4.8.0,org.apache.rocketmq.broker.transaction,OperationResult,3,21,0,0,1,9,1,6,1,6
rocketmq-broker 4.8.0,org.apache.rocketmq.broker.longpolling,PullRequest,45,0,0,0,16,0,8,0,8,0
rocketmq-broker 4.8.0,org.apache.rocketmq.broker.longpolling,NotifyMessageArrivingListener,12,6,0,0,2,3,1,1,1,1
rocketmq-broker 4.8.0,org.apache.rocketmq.broker.longpolling,ManyPullRequest,36,0,2,0,11,0,5,0,4,0
rocketmq-broker 4.8.0,org.apache.rocketmq.broker.longpolling,PullRequestHoldService,265,73,29,5,63,20,20,6,4,5
rocketmq-broker 4.8.0,org.apache.rocketmq.broker.offset,ConsumerOffsetManager,466,98,60,2,89,21,42,8,11,8
rocketmq-broker 4.8.0,org.apache.rocketmq.broker.slave,SlaveSynchronize,215,17,22,0,72,7,17,3,6,3
rocketmq-broker 4.8.0,org.apache.rocketmq.broker.client.net,Broker2Client,690,15,53,1,156,5,34,2,7,2
rocketmq-broker 4.8.0,org.apache.rocketmq.broker.subscription,SubscriptionGroupManager,71,246,13,7,20,65,13,12,4,11
rocketmq-broker 4.8.0,org.apache.rocketmq.broker.client,ConsumerGroupEvent,0,34,0,0,0,4,0,1,0,1
rocketmq-broker 4.8.0,org.apache.rocketmq.broker.client,DefaultConsumerIdsChangeListener,26,63,9,11,5,17,9,4,0,2
rocketmq-broker 4.8.0,org.apache.rocketmq.broker.client,ProducerManager,14,336,10,36,4,86,10,22,0,9
rocketmq-broker 4.8.0,org.apache.rocketmq.broker.client,ConsumerGroupInfo,207,227,22,12,51,59,29,10,14,8
rocketmq-broker 4.8.0,org.apache.rocketmq.broker.client,ClientHousekeepingService.new Runnable() {...},10,6,0,0,5,1,1,1,1,1
rocketmq-broker 4.8.0,org.apache.rocketmq.broker.client,ClientChannelInfo,102,75,17,1,21,17,12,8,3,8
rocketmq-broker 4.8.0,org.apache.rocketmq.broker.client,ClientHousekeepingService,71,33,0,0,17,10,5,4,5,4
rocketmq-broker 4.8.0,org.apache.rocketmq.broker.client,ConsumerManager,227,131,38,10,61,29,29,6,6,5
rocketmq-broker 4.8.0,org.apache.rocketmq.broker.mqtrace,ConsumeMessageContext,68,40,0,0,28,18,20,11,20,11
rocketmq-broker 4.8.0,org.apache.rocketmq.broker.mqtrace,SendMessageContext,91,86,0,0,35,40,28,21,28,21
rocketmq-broker 4.8.0,org.apache.rocketmq.broker.latency,BrokerFastFailure.new Runnable() {...},0,16,1,1,0,4,1,2,0,2
rocketmq-broker 4.8.0,org.apache.rocketmq.broker.latency,BrokerFixedThreadPoolExecutor,33,9,0,0,7,2,4,1,4,1
rocketmq-broker 4.8.0,org.apache.rocketmq.broker.latency,BrokerFastFailure,84,128,8,12,15,39,6,11,0,7
rocketmq-broker 4.8.0,org.apache.rocketmq.broker.latency,FutureTaskExt,7,11,0,0,3,4,1,2,1,2
rocketmq-broker 4.8.0,org.apache.rocketmq.broker.filtersrv,FilterServerUtil,35,0,2,0,12,0,4,0,3,0
rocketmq-broker 4.8.0,org.apache.rocketmq.broker.filtersrv,FilterServerManager.FilterServerInfo,17,0,0,0,7,0,5,0,5,0
rocketmq-broker 4.8.0,org.apache.rocketmq.broker.filtersrv,FilterServerManager,147,98,13,5,32,26,12,7,3,7
rocketmq-broker 4.8.0,org.apache.rocketmq.broker.filtersrv,FilterServerManager.new Runnable() {...},5,11,0,0,2,4,0,2,0,2
rocketmq-broker 4.8.0,org.apache.rocketmq.broker.topic,TopicConfigManager,323,654,54,28,81,180,46,16,6,15
rocketmq-broker 4.8.0,org.apache.rocketmq.broker.processor,SendMessageProcessor,904,767,89,49,188,185,69,26,7,15
rocketmq-broker 4.8.0,org.apache.rocketmq.broker.processor,ForwardRequestProcessor,14,0,0,0,6,0,4,0,4,0
rocketmq-broker 4.8.0,org.apache.rocketmq.broker.processor,PullMessageProcessor,668,704,78,47,138,165,61,19,2,9
rocketmq-broker 4.8.0,org.apache.rocketmq.broker.processor,ReplyMessageProcessor.PushReplyResult,7,19,0,0,3,7,2,3,2,3
rocketmq-broker 4.8.0,org.apache.rocketmq.broker.processor,ClientManageProcessor,241,83,22,6,64,29,16,6,3,4
rocketmq-broker 4.8.0,org.apache.rocketmq.broker.processor,QueryMessageProcessor,211,15,16,1,57,5,13,2,4,2
rocketmq-broker 4.8.0,org.apache.rocketmq.broker.processor,ReplyMessageProcessor,237,429,28,19,57,106,27,8,0,8
rocketmq-broker 4.8.0,org.apache.rocketmq.broker.processor,AbstractSendMessageProcessor,347,311,41,24,85,85,32,15,3,11
rocketmq-broker 4.8.0,org.apache.rocketmq.broker.processor,PullMessageProcessor.new Runnable() {...},63,0,2,0,15,0,3,0,2,0
rocketmq-broker 4.8.0,org.apache.rocketmq.broker.processor,PullMessageProcessor.new ChannelFutureListener() {...},27,0,2,0,5,0,3,0,2,0
rocketmq-broker 4.8.0,org.apache.rocketmq.broker.processor,ConsumerManageProcessor,213,10,14,0,64,4,13,2,5,2
rocketmq-broker 4.8.0,org.apache.rocketmq.broker.processor,EndTransactionProcessor,154,358,23,22,52,89,24,10,1,6
rocketmq-broker 4.8.0,org.apache.rocketmq.broker.processor,QueryMessageProcessor.new ChannelFutureListener() {...},21,0,2,0,5,0,3,0,2,0
rocketmq-broker 4.8.0,org.apache.rocketmq.broker.processor,AdminBrokerProcessor,3591,294,213,16,859,81,171,13,42,7
rocketmq-broker 4.8.0,org.apache.rocketmq.broker.processor,QueryMessageProcessor.new ChannelFutureListener() {...},21,0,2,0,5,0,3,0,2,0
rocketmq-broker 4.8.0,org.apache.rocketmq.broker.processor,PullMessageProcessor.2.new ChannelFutureListener() {...},32,0,2,0,7,0,3,0,2,0
rocketmq-broker 4.8.0,org.apache.rocketmq.broker.pagecache,QueryMessageTransfer,104,0,8,0,26,0,11,0,7,0
rocketmq-broker 4.8.0,org.apache.rocketmq.broker.pagecache,ManyMessageTransfer,62,42,7,1,13,13,6,5,2,5
rocketmq-broker 4.8.0,org.apache.rocketmq.broker.pagecache,OneMessageTransfer,48,28,4,0,12,6,6,3,4,3
rocketmq-broker 4.8.0,org.apache.rocketmq.broker.transaction.jdbc,JDBCTransactionStoreConfig,43,0,0,0,17,0,9,0,9,0
rocketmq-broker 4.8.0,org.apache.rocketmq.broker.transaction.jdbc,JDBCTransactionStore,354,0,24,0,112,0,27,0,15,0
rocketmq-broker 4.8.0,org.apache.rocketmq.broker.out,BrokerOuterAPI.new Runnable() {...},30,134,8,4,6,22,6,2,0,2
rocketmq-broker 4.8.0,org.apache.rocketmq.broker.out,BrokerOuterAPI.new Runnable() {...},7,63,1,1,2,7,1,2,0,2
rocketmq-broker 4.8.0,org.apache.rocketmq.broker.out,BrokerOuterAPI,346,271,50,16,70,65,38,12,8,9
rocketmq-broker 4.8.0,org.apache.rocketmq.broker,BrokerController,721,1485,111,63,182,307,127,38,40,38
rocketmq-broker 4.8.0,org.apache.rocketmq.broker,BrokerPathConfigHelper,6,83,0,0,3,6,2,6,2,6
rocketmq-broker 4.8.0,org.apache.rocketmq.broker,BrokerController.new Runnable() {...},11,6,0,0,5,1,1,1,1,1
rocketmq-broker 4.8.0,org.apache.rocketmq.broker,BrokerController.new Runnable() {...},15,6,0,0,5,1,1,1,1,1
rocketmq-broker 4.8.0,org.apache.rocketmq.broker,BrokerController.new Runnable() {...},18,0,0,0,6,0,2,0,2,0
rocketmq-broker 4.8.0,org.apache.rocketmq.broker,BrokerController.new Runnable() {...},10,6,0,0,5,1,1,1,1,1
rocketmq-broker 4.8.0,org.apache.rocketmq.broker,BrokerStartup,473,28,38,1,120,9,26,2,6,2
rocketmq-broker 4.8.0,org.apache.rocketmq.broker,BrokerController.new FileWatchService.Listener() {...},52,9,10,0,15,2,7,1,2,1
rocketmq-broker 4.8.0,org.apache.rocketmq.broker,BrokerController.new Runnable() {...},11,6,0,0,5,1,1,1,1,1
rocketmq-broker 4.8.0,org.apache.rocketmq.broker,BrokerController.new Runnable() {...},11,6,0,0,5,1,1,1,1,1
rocketmq-broker 4.8.0,org.apache.rocketmq.broker,BrokerController.new Runnable() {...},10,6,0,0,5,1,1,1,1,1
rocketmq-broker 4.8.0,org.apache.rocketmq.broker,BrokerController.new Runnable() {...},10,6,0,0,5,1,1,1,1,1
rocketmq-broker 4.8.0,org.apache.rocketmq.broker,BrokerController.new Runnable() {...},16,6,0,0,5,1,1,1,1,1
rocketmq-broker 4.8.0,org.apache.rocketmq.broker,BrokerController.new Runnable() {...},17,0,0,0,6,0,2,0,2,0
rocketmq-broker 4.8.0,org.apache.rocketmq.broker,BrokerController.new RPCHook() {...},19,0,0,0,4,0,3,0,3,0
rocketmq-broker 4.8.0,org.apache.rocketmq.broker,BrokerStartup.new Runnable() {...},50,0,2,0,13,0,3,0,2,0
