<?xml version="1.0" encoding="UTF-8"?>
<testsuite xmlns:xsi="http://www.w3.org/2001/XMLSchema-instance" xsi:schemaLocation="https://maven.apache.org/surefire/maven-surefire-plugin/xsd/surefire-test-report.xsd" name="org.apache.rocketmq.acl.plain.PlainAccessValidatorTest" time="0.963" tests="24" errors="0" skipped="0" failures="0">
  <properties>
[...]
</properties>
  <testcase name="validateConsumeMessageBackTest" classname="org.apache.rocketmq.acl.plain.PlainAccessValidatorTest" time="0.699"/>
  <testcase name="validateHeartBeatTest" classname="org.apache.rocketmq.acl.plain.PlainAccessValidatorTest" time="0.031"/>
  <testcase name="deleteAccessAclYamlConfigNormalTest" classname="org.apache.rocketmq.acl.plain.PlainAccessValidatorTest" time="0.033"/>
  <testcase name="validateForAdminCommandWithOutAclRPCHook" classname="org.apache.rocketmq.acl.plain.PlainAccessValidatorTest" time="0.004"/>
  <testcase name="updateAccessAclYamlConfigTest" classname="org.apache.rocketmq.acl.plain.PlainAccessValidatorTest" time="0.014"/>
  <testcase name="validateSendMessageTest" classname="org.apache.rocketmq.acl.plain.PlainAccessValidatorTest" time="0.005"/>
  <testcase name="validateUpdateConsumerOffSetTest" classname="org.apache.rocketmq.acl.plain.PlainAccessValidatorTest" time="0.035"/>
  <testcase name="contentTest" classname="org.apache.rocketmq.acl.plain.PlainAccessValidatorTest" time="0.001"/>
  <testcase name="updateAccessAclYamlConfigNormalTest" classname="org.apache.rocketmq.acl.plain.PlainAccessValidatorTest" time="0.001"/>
  <testcase name="validateQueryMessageTest" classname="org.apache.rocketmq.acl.plain.PlainAccessValidatorTest" time="0.001"/>
  <testcase name="validateSendMessageV2Test" classname="org.apache.rocketmq.acl.plain.PlainAccessValidatorTest" time="0"/>
  <testcase name="validateNullAccessKeyTest" classname="org.apache.rocketmq.acl.plain.PlainAccessValidatorTest" time="0"/>
  <testcase name="createAndUpdateAccessAclYamlConfigNormalTest" classname="org.apache.rocketmq.acl.plain.PlainAccessValidatorTest" time="0.015"/>
  <testcase name="validatePullMessageTest" classname="org.apache.rocketmq.acl.plain.PlainAccessValidatorTest" time="0.003"/>
  <testcase name="validateTest" classname="org.apache.rocketmq.acl.plain.PlainAccessValidatorTest" time="0.002"/>
  <testcase name="updateAccessAclYamlConfigExceptionTest" classname="org.apache.rocketmq.acl.plain.PlainAccessValidatorTest" time="0.004"/>
  <testcase name="validateQueryMessageByKeyTest" classname="org.apache.rocketmq.acl.plain.PlainAccessValidatorTest" time="0.002"/>
  <testcase name="getAllAclConfigTest" classname="org.apache.rocketmq.acl.plain.PlainAccessValidatorTest" time="0.004"/>
  <testcase name="validateGetAllTopicConfigTest" classname="org.apache.rocketmq.acl.plain.PlainAccessValidatorTest" time="0.002"/>
  <testcase name="updateGlobalWhiteAddrsNormalTest" classname="org.apache.rocketmq.acl.plain.PlainAccessValidatorTest" time="0.008"/>
  <testcase name="validateUnRegisterClientTest" classname="org.apache.rocketmq.acl.plain.PlainAccessValidatorTest" time="0.008"/>
  <testcase name="updateAccessAclYamlConfigWithNoAccoutsExceptionTest" classname="org.apache.rocketmq.acl.plain.PlainAccessValidatorTest" time="0.001"/>
  <testcase name="validateGetConsumerListByGroupTest" classname="org.apache.rocketmq.acl.plain.PlainAccessValidatorTest" time="0.004"/>
  <testcase name="validateErrorSecretKeyTest" classname="org.apache.rocketmq.acl.plain.PlainAccessValidatorTest" time="0.002"/>
</testsuite>