GROUP,PACKAGE,CLASS,INSTRUCTION_MISSED,INSTRUCTION_COVERED,BRANCH_MISSED,BRANCH_COVERED,LINE_MISSED,LINE_COVERED,COMPLEXITY_MISSED,COMPLEXITY_COVERED,METHOD_MISSED,METHOD_COVERED
rocketmq-filter 4.8.0,org.apache.rocketmq.filter,FilterFactory,18,35,1,1,2,9,2,4,1,4
rocketmq-filter 4.8.0,org.apache.rocketmq.filter,SqlFilter,0,8,0,0,0,3,0,3,0,3
rocketmq-filter 4.8.0,org.apache.rocketmq.filter.parser,ParseException,123,248,15,17,28,39,17,8,2,3
rocketmq-filter 4.8.0,org.apache.rocketmq.filter.parser,TokenMgrError,173,0,18,0,37,0,19,0,6,0
rocketmq-filter 4.8.0,org.apache.rocketmq.filter.parser,SelectorParserConstants,0,136,0,0,0,1,0,1,0,1
rocketmq-filter 4.8.0,org.apache.rocketmq.filter.parser,Token,14,20,0,0,5,8,4,3,4,3
rocketmq-filter 4.8.0,org.apache.rocketmq.filter.parser,SimpleCharStream,674,382,38,22,113,82,47,20,23,13
rocketmq-filter 4.8.0,org.apache.rocketmq.filter.parser,SelectorParser.JJCalls,0,3,0,0,0,1,0,1,0,1
rocketmq-filter 4.8.0,org.apache.rocketmq.filter.parser,SelectorParser,1345,1417,277,130,392,325,213,81,50,32
rocketmq-filter 4.8.0,org.apache.rocketmq.filter.parser,SelectorParserTokenManager,901,1420,216,169,220,286,165,103,8,16
rocketmq-filter 4.8.0,org.apache.rocketmq.filter.expression,LogicExpression.new LogicExpression() {...},4,37,4,8,2,9,5,4,1,2
rocketmq-filter 4.8.0,org.apache.rocketmq.filter.expression,BinaryExpression,18,49,1,3,7,8,6,4,5,3
rocketmq-filter 4.8.0,org.apache.rocketmq.filter.expression,UnaryExpression.new UnaryExpression() {...},25,0,4,0,8,0,5,0,3,0
rocketmq-filter 4.8.0,org.apache.rocketmq.filter.expression,LogicExpression.new LogicExpression() {...},0,41,1,11,0,11,1,8,0,3
rocketmq-filter 4.8.0,org.apache.rocketmq.filter.expression,UnaryExpression.new UnaryExpression.BooleanUnaryExpression() {...},35,0,6,0,9,0,7,0,4,0
rocketmq-filter 4.8.0,org.apache.rocketmq.filter.expression,ComparisonExpression,446,378,107,57,82,92,68,36,1,21
rocketmq-filter 4.8.0,org.apache.rocketmq.filter.expression,UnaryExpression.new UnaryExpression.BooleanUnaryExpression() {...},2,22,1,3,1,5,1,4,0,3
rocketmq-filter 4.8.0,org.apache.rocketmq.filter.expression,UnaryExpression.new UnaryInExpression() {...},64,43,9,7,20,7,8,4,2,2
rocketmq-filter 4.8.0,org.apache.rocketmq.filter.expression,EmptyEvaluationContext,2,5,0,0,1,2,1,2,1,2
rocketmq-filter 4.8.0,org.apache.rocketmq.filter.expression,LogicExpression,13,17,4,0,2,4,3,3,1,3
rocketmq-filter 4.8.0,org.apache.rocketmq.filter.expression,UnaryExpression,129,63,18,2,31,14,19,6,9,6
rocketmq-filter 4.8.0,org.apache.rocketmq.filter.expression,MQFilterException,15,10,0,0,6,4,3,1,3,1
rocketmq-filter 4.8.0,org.apache.rocketmq.filter.expression,ConstantExpression,94,97,18,10,18,22,16,8,3,7
rocketmq-filter 4.8.0,org.apache.rocketmq.filter.expression,NowExpression,0,14,0,0,0,4,0,3,0,3
rocketmq-filter 4.8.0,org.apache.rocketmq.filter.expression,ComparisonExpression.new ComparisonExpression() {...},4,61,3,15,2,12,3,10,0,4
rocketmq-filter 4.8.0,org.apache.rocketmq.filter.expression,BooleanConstantExpression,13,20,4,0,2,5,3,2,1,2
rocketmq-filter 4.8.0,org.apache.rocketmq.filter.expression,UnaryInExpression,19,19,4,0,4,8,5,3,3,3
rocketmq-filter 4.8.0,org.apache.rocketmq.filter.expression,UnaryExpression.BooleanUnaryExpression,13,5,4,0,2,2,3,1,1,1
rocketmq-filter 4.8.0,org.apache.rocketmq.filter.expression,PropertyExpression,24,14,4,0,5,5,5,3,3,3
rocketmq-filter 4.8.0,org.apache.rocketmq.filter.expression,ComparisonExpression.new ComparisonExpression() {...},0,13,0,2,0,3,0,4,0,3
rocketmq-filter 4.8.0,org.apache.rocketmq.filter.expression,ComparisonExpression.new ComparisonExpression() {...},0,13,0,2,0,3,0,4,0,3
rocketmq-filter 4.8.0,org.apache.rocketmq.filter.expression,ComparisonExpression.new ComparisonExpression() {...},0,13,0,2,0,3,0,4,0,3
rocketmq-filter 4.8.0,org.apache.rocketmq.filter.expression,ComparisonExpression.new ComparisonExpression() {...},0,13,0,2,0,3,0,4,0,3
rocketmq-filter 4.8.0,org.apache.rocketmq.filter.util,BloomFilter,150,307,20,26,27,66,20,25,4,18
rocketmq-filter 4.8.0,org.apache.rocketmq.filter.util,BloomFilterData,23,69,3,7,4,23,4,10,1,8
rocketmq-filter 4.8.0,org.apache.rocketmq.filter.util,BitsArray,191,361,32,26,35,82,26,30,3,24
rocketmq-filter 4.8.0,org.apache.rocketmq.filter.constant,UnaryType,0,54,0,0,0,6,0,1,0,1
